Start testing: Apr 17 17:35 BST
----------------------------------------------------------
4/12 Testing: Geometry2DTest
4/12 Test: Geometry2DTest
Command: "/home/ovidiu/Temp/Mule/Multiscale/bin/test/Geometry2DTest"
Directory: /home/ovidiu/Temp/Mule/Multiscale/build/Release/modules/util
"Geometry2DTest" start time: Apr 17 17:35 BST
Output:
----------------------------------------------------------
[==========] Running 6 tests from 1 test case.
[----------] Global test environment set-up.
[----------] 6 tests from Geometry2D
[ RUN      ] Geometry2D.TangentsFromPointToPolygon
[       OK ] Geometry2D.TangentsFromPointToPolygon (0 ms)
[ RUN      ] Geometry2D.TangentsFromPointToPolygonReferenceAndTangentPointsAreCollinearWithPolygonPoint
[       OK ] Geometry2D.TangentsFromPointToPolygonReferenceAndTangentPointsAreCollinearWithPolygonPoint (0 ms)
[ RUN      ] Geometry2D.TangentsFromPointToLargerPolygonReferenceAndTangentPointsAreCollinearWithPolygonPoint
[       OK ] Geometry2D.TangentsFromPointToLargerPolygonReferenceAndTangentPointsAreCollinearWithPolygonPoint (0 ms)
[ RUN      ] Geometry2D.TangentsFromPointToPolygonFirstPointRightMostTangentPoint
[       OK ] Geometry2D.TangentsFromPointToPolygonFirstPointRightMostTangentPoint (0 ms)
[ RUN      ] Geometry2D.PointOnLineSegment
[       OK ] Geometry2D.PointOnLineSegment (0 ms)
[ RUN      ] Geometry2D.TriangleArea
[       OK ] Geometry2D.TriangleArea (0 ms)
[----------] 6 tests from Geometry2D (0 ms total)

[----------] Global test environment tear-down
[==========] 6 tests from 1 test case ran. (0 ms total)
[  PASSED  ] 6 tests.
<end of output>
Test time =   0.01 sec
----------------------------------------------------------
Test Passed.
"Geometry2DTest" end time: Apr 17 17:35 BST
"Geometry2DTest" time elapsed: 00:00:00
----------------------------------------------------------

8/12 Testing: ModelCheckingTest
8/12 Test: ModelCheckingTest
Command: "/home/ovidiu/Temp/Mule/Multiscale/bin/test/ModelCheckingTest"
Directory: /home/ovidiu/Temp/Mule/Multiscale/build/Release/modules/verification/spatial-temporal
"ModelCheckingTest" start time: Apr 17 17:35 BST
Output:
----------------------------------------------------------
[==========] Running 8 tests from 5 test cases.
[----------] Global test environment set-up.
[----------] 2 tests from ApproximateBayesianModelCheckerTest
[ RUN      ] ApproximateBayesianModelCheckerTest.CaseTrue
[       OK ] ApproximateBayesianModelCheckerTest.CaseTrue (1 ms)
[ RUN      ] ApproximateBayesianModelCheckerTest.CaseFalse
[       OK ] ApproximateBayesianModelCheckerTest.CaseFalse (0 ms)
[----------] 2 tests from ApproximateBayesianModelCheckerTest (1 ms total)

[----------] 1 test from ApproximateProbabilisticModelCheckerTest
[ RUN      ] ApproximateProbabilisticModelCheckerTest.CaseFalse
[       OK ] ApproximateProbabilisticModelCheckerTest.CaseFalse (1 ms)
[----------] 1 test from ApproximateProbabilisticModelCheckerTest (1 ms total)

[----------] 2 tests from BayesianModelCheckerTest
[ RUN      ] BayesianModelCheckerTest.CaseTrue
[       OK ] BayesianModelCheckerTest.CaseTrue (0 ms)
[ RUN      ] BayesianModelCheckerTest.CaseFalse
[       OK ] BayesianModelCheckerTest.CaseFalse (1 ms)
[----------] 2 tests from BayesianModelCheckerTest (1 ms total)

[----------] 1 test from ProbabilisticBlackBoxModelCheckerTest
[ RUN      ] ProbabilisticBlackBoxModelCheckerTest.CaseFalse
[       OK ] ProbabilisticBlackBoxModelCheckerTest.CaseFalse (0 ms)
[----------] 1 test from ProbabilisticBlackBoxModelCheckerTest (0 ms total)

[----------] 2 tests from StatisticalModelCheckerTest
[ RUN      ] StatisticalModelCheckerTest.CaseTrue
[       OK ] StatisticalModelCheckerTest.CaseTrue (1 ms)
[ RUN      ] StatisticalModelCheckerTest.CaseFalse
[       OK ] StatisticalModelCheckerTest.CaseFalse (0 ms)
[----------] 2 tests from StatisticalModelCheckerTest (1 ms total)

[----------] Global test environment tear-down
[==========] 8 tests from 5 test cases ran. (4 ms total)
[  PASSED  ] 8 tests.
<end of output>
Test time =   0.01 sec
----------------------------------------------------------
Test Passed.
"ModelCheckingTest" end time: Apr 17 17:35 BST
"ModelCheckingTest" time elapsed: 00:00:00
----------------------------------------------------------

5/12 Testing: MinEnclosingTriangleFinderTest
5/12 Test: MinEnclosingTriangleFinderTest
Command: "/home/ovidiu/Temp/Mule/Multiscale/bin/test/MinEnclosingTriangleFinderTest"
Directory: /home/ovidiu/Temp/Mule/Multiscale/build/Release/modules/util
"MinEnclosingTriangleFinderTest" start time: Apr 17 17:35 BST
Output:
----------------------------------------------------------
[==========] Running 4 tests from 1 test case.
[----------] Global test environment set-up.
[----------] 4 tests from MinEnclosingTriangleFinderTest
[ RUN      ] MinEnclosingTriangleFinderTest.TestNoPoints
[       OK ] MinEnclosingTriangleFinderTest.TestNoPoints (0 ms)
[ RUN      ] MinEnclosingTriangleFinderTest.TestNegativeCoordinates
[       OK ] MinEnclosingTriangleFinderTest.TestNegativeCoordinates (0 ms)
[ RUN      ] MinEnclosingTriangleFinderTest.TestVaryingNumberOfPoints
[       OK ] MinEnclosingTriangleFinderTest.TestVaryingNumberOfPoints (0 ms)
[ RUN      ] MinEnclosingTriangleFinderTest.TestRandomPoints
[       OK ] MinEnclosingTriangleFinderTest.TestRandomPoints (6 ms)
[----------] 4 tests from MinEnclosingTriangleFinderTest (6 ms total)

[----------] Global test environment tear-down
[==========] 4 tests from 1 test case ran. (6 ms total)
[  PASSED  ] 4 tests.
<end of output>
Test time =   0.01 sec
----------------------------------------------------------
Test Passed.
"MinEnclosingTriangleFinderTest" end time: Apr 17 17:35 BST
"MinEnclosingTriangleFinderTest" time elapsed: 00:00:00
----------------------------------------------------------

6/12 Testing: NumericTest
6/12 Test: NumericTest
Command: "/home/ovidiu/Temp/Mule/Multiscale/bin/test/NumericTest"
Directory: /home/ovidiu/Temp/Mule/Multiscale/build/Release/modules/util
"NumericTest" start time: Apr 17 17:35 BST
Output:
----------------------------------------------------------
[==========] Running 21 tests from 1 test case.
[----------] Global test environment set-up.
[----------] 21 tests from Numeric
[ RUN      ] Numeric.GreaterOrEqual
[       OK ] Numeric.GreaterOrEqual (0 ms)
[ RUN      ] Numeric.LessOrEqual
[       OK ] Numeric.LessOrEqual (0 ms)
[ RUN      ] Numeric.AlmostEqual
[       OK ] Numeric.AlmostEqual (0 ms)
[ RUN      ] Numeric.Average
[ WARNING  ] You provided less than the minimum required number of values to the Numeric::average(...) function. The default value "0" was returned.
[       OK ] Numeric.Average (0 ms)
[ RUN      ] Numeric.Combinations
[       OK ] Numeric.Combinations (0 ms)
[ RUN      ] Numeric.Covariance
[ WARNING  ] You provided less than the minimum required number of values to the Numeric::covariance(...) function. The default value "0" was returned.
[ WARNING  ] You provided less than the minimum required number of values to the Numeric::covariance(...) function. The default value "0" was returned.
[ WARNING  ] You provided less than the minimum required number of values to the Numeric::covariance(...) function. The default value "0" was returned.
[ WARNING  ] You provided less than the minimum required number of values to the Numeric::covariance(...) function. The default value "0" was returned.
[       OK ] Numeric.Covariance (0 ms)
[ RUN      ] Numeric.Factorial
[       OK ] Numeric.Factorial (0 ms)
[ RUN      ] Numeric.GeometricMean
[ WARNING  ] You provided less than the minimum required number of values to the Numeric::geometricMean(...) function. The default value "0" was returned.
[       OK ] Numeric.GeometricMean (0 ms)
[ RUN      ] Numeric.HarmonicMean
[ WARNING  ] You provided less than the minimum required number of values to the Numeric::harmonicMean(...) function. The default value "0" was returned.
[ WARNING  ] You provided the invalid value "0" to the Numeric::inverse(...) function. The default value "0" was returned.
[ WARNING  ] You provided the invalid value "0" to the Numeric::inverse(...) function. The default value "0" was returned.
[ WARNING  ] You provided the invalid value "0" to the Numeric::inverse(...) function. The default value "0" was returned.
[       OK ] Numeric.HarmonicMean (0 ms)
[ RUN      ] Numeric.Kurtosis
[ WARNING  ] You provided less than the minimum required number of values to the Numeric::kurtosis(...) function. The default value "0" was returned.
[ WARNING  ] You provided less than the minimum required number of values to the Numeric::kurtosis(...) function. The default value "0" was returned.
[ WARNING  ] You provided less than the minimum required number of values to the Numeric::kurtosis(...) function. The default value "0" was returned.
[       OK ] Numeric.Kurtosis (0 ms)
[ RUN      ] Numeric.Maximum
[ WARNING  ] You provided less than the minimum required number of values to the Numeric::maximum(...) function. The default value "0" was returned.
[       OK ] Numeric.Maximum (0 ms)
[ RUN      ] Numeric.Median
[ WARNING  ] You provided less than the minimum required number of values to the Numeric::median(...) function. The default value "0" was returned.
[       OK ] Numeric.Median (1 ms)
[ RUN      ] Numeric.Minimum
[ WARNING  ] You provided less than the minimum required number of values to the Numeric::minimum(...) function. The default value "0" was returned.
[       OK ] Numeric.Minimum (0 ms)
[ RUN      ] Numeric.Mode
[ WARNING  ] You provided less than the minimum required number of values to the Numeric::mode(...) function. The default value "0" was returned.
[       OK ] Numeric.Mode (0 ms)
[ RUN      ] Numeric.Percentile
[ WARNING  ] You provided less than the minimum required number of values to the Numeric::percentile(...) function. The default value "0" was returned.
[       OK ] Numeric.Percentile (0 ms)
[ RUN      ] Numeric.Product
[ WARNING  ] You provided less than the minimum required number of values to the Numeric::product(...) function. The default value "0" was returned.
[       OK ] Numeric.Product (0 ms)
[ RUN      ] Numeric.Quartile
[ WARNING  ] You provided less than the minimum required number of values to the Numeric::quartile(...) function. The default value "0" was returned.
[       OK ] Numeric.Quartile (0 ms)
[ RUN      ] Numeric.Skew
[ WARNING  ] You provided less than the minimum required number of values to the Numeric::skew(...) function. The default value "0" was returned.
[ WARNING  ] You provided less than the minimum required number of values to the Numeric::standardDeviation(...) function. The default value "0" was returned.
[ WARNING  ] You provided less than the minimum required number of values to the Numeric::standardDeviation(...) function. The default value "0" was returned.
[       OK ] Numeric.Skew (0 ms)
[ RUN      ] Numeric.StandardDeviation
[ WARNING  ] You provided less than the minimum required number of values to the Numeric::standardDeviation(...) function. The default value "0" was returned.
[ WARNING  ] You provided less than the minimum required number of values to the Numeric::standardDeviation(...) function. The default value "0" was returned.
[ WARNING  ] You provided less than the minimum required number of values to the Numeric::standardDeviation(...) function. The default value "0" was returned.
[       OK ] Numeric.StandardDeviation (0 ms)
[ RUN      ] Numeric.Sum
[ WARNING  ] You provided less than the minimum required number of values to the Numeric::sum(...) function. The default value "0" was returned.
[       OK ] Numeric.Sum (0 ms)
[ RUN      ] Numeric.Variance
[ WARNING  ] You provided less than the minimum required number of values to the Numeric::variance(...) function. The default value "0" was returned.
[ WARNING  ] You provided less than the minimum required number of values to the Numeric::variance(...) function. The default value "0" was returned.
[ WARNING  ] You provided less than the minimum required number of values to the Numeric::variance(...) function. The default value "0" was returned.
[       OK ] Numeric.Variance (0 ms)
[----------] 21 tests from Numeric (1 ms total)

[----------] Global test environment tear-down
[==========] 21 tests from 1 test case ran. (1 ms total)
[  PASSED  ] 21 tests.
<end of output>
Test time =   0.01 sec
----------------------------------------------------------
Test Passed.
"NumericTest" end time: Apr 17 17:35 BST
"NumericTest" time elapsed: 00:00:00
----------------------------------------------------------

7/12 Testing: StatisticsTest
7/12 Test: StatisticsTest
Command: "/home/ovidiu/Temp/Mule/Multiscale/bin/test/StatisticsTest"
Directory: /home/ovidiu/Temp/Mule/Multiscale/build/Release/modules/util
"StatisticsTest" start time: Apr 17 17:35 BST
Output:
----------------------------------------------------------
Running main() from gtest_main.cc
[==========] Running 3 tests from 1 test case.
[----------] Global test environment set-up.
[----------] 3 tests from Statistics
[ RUN      ] Statistics.BinomialPDF
[       OK ] Statistics.BinomialPDF (1 ms)
[ RUN      ] Statistics.BinomialCDF
[       OK ] Statistics.BinomialCDF (0 ms)
[ RUN      ] Statistics.BetaCDF
[       OK ] Statistics.BetaCDF (0 ms)
[----------] 3 tests from Statistics (1 ms total)

[----------] Global test environment tear-down
[==========] 3 tests from 1 test case ran. (1 ms total)
[  PASSED  ] 3 tests.
<end of output>
Test time =   0.01 sec
----------------------------------------------------------
Test Passed.
"StatisticsTest" end time: Apr 17 17:35 BST
"StatisticsTest" time elapsed: 00:00:00
----------------------------------------------------------

3/12 Testing: RegionDetectorTest
3/12 Test: RegionDetectorTest
Command: "/home/ovidiu/Temp/Mule/Multiscale/bin/test/RegionDetectorTest"
Directory: /home/ovidiu/Temp/Mule/Multiscale/build/Release/modules/analysis/spatial
"RegionDetectorTest" start time: Apr 17 17:35 BST
Output:
----------------------------------------------------------
[==========] Running 38 tests from 1 test case.
[----------] Global test environment set-up.
[----------] 38 tests from RegionDetector
[ RUN      ] RegionDetector.ZeroImageSize
[       OK ] RegionDetector.ZeroImageSize (0 ms)
[ RUN      ] RegionDetector.SmallImageSize
[       OK ] RegionDetector.SmallImageSize (0 ms)
[ RUN      ] RegionDetector.NoRegionsDefaultDetectionParameters
[       OK ] RegionDetector.NoRegionsDefaultDetectionParameters (1 ms)
[ RUN      ] RegionDetector.OneRegionDefaultDetectionParameters
[       OK ] RegionDetector.OneRegionDefaultDetectionParameters (0 ms)
[ RUN      ] RegionDetector.OneRegionMinimumAlphaValue
[       OK ] RegionDetector.OneRegionMinimumAlphaValue (0 ms)
[ RUN      ] RegionDetector.OneRegionAverageAlphaValue
[       OK ] RegionDetector.OneRegionAverageAlphaValue (0 ms)
[ RUN      ] RegionDetector.OneRegionMaximumAlphaValue
[       OK ] RegionDetector.OneRegionMaximumAlphaValue (0 ms)
[ RUN      ] RegionDetector.OneRegionMinimumBetaValue
[       OK ] RegionDetector.OneRegionMinimumBetaValue (0 ms)
[ RUN      ] RegionDetector.OneRegionAverageBetaValue
[       OK ] RegionDetector.OneRegionAverageBetaValue (0 ms)
[ RUN      ] RegionDetector.OneRegionMaximumBetaValue
[       OK ] RegionDetector.OneRegionMaximumBetaValue (0 ms)
[ RUN      ] RegionDetector.OneRegionMinimumBlurKernelSizeValue
[       OK ] RegionDetector.OneRegionMinimumBlurKernelSizeValue (0 ms)
[ RUN      ] RegionDetector.OneRegionAverageBlurKernelSizeValue
[       OK ] RegionDetector.OneRegionAverageBlurKernelSizeValue (0 ms)
[ RUN      ] RegionDetector.OneRegionMaximumBlurKernelSizeValue
[       OK ] RegionDetector.OneRegionMaximumBlurKernelSizeValue (2 ms)
[ RUN      ] RegionDetector.OneRegionMinimumMorphologicalCloseIterationsValue
[       OK ] RegionDetector.OneRegionMinimumMorphologicalCloseIterationsValue (0 ms)
[ RUN      ] RegionDetector.OneRegionAverageMorphologicalCloseIterationsValue
[       OK ] RegionDetector.OneRegionAverageMorphologicalCloseIterationsValue (0 ms)
[ RUN      ] RegionDetector.OneRegionMaximumMorphologicalCloseIterationsValue
[       OK ] RegionDetector.OneRegionMaximumMorphologicalCloseIterationsValue (0 ms)
[ RUN      ] RegionDetector.OneRegionMinimumEpsilonValue
[       OK ] RegionDetector.OneRegionMinimumEpsilonValue (0 ms)
[ RUN      ] RegionDetector.OneRegionAverageEpsilonValue
[       OK ] RegionDetector.OneRegionAverageEpsilonValue (0 ms)
[ RUN      ] RegionDetector.OneRegionMaximumEpsilonValue
[       OK ] RegionDetector.OneRegionMaximumEpsilonValue (0 ms)
[ RUN      ] RegionDetector.OneRegionMinimumRegionAreaThresh
[       OK ] RegionDetector.OneRegionMinimumRegionAreaThresh (0 ms)
[ RUN      ] RegionDetector.OneRegionAverageRegionAreaThresh
[       OK ] RegionDetector.OneRegionAverageRegionAreaThresh (0 ms)
[ RUN      ] RegionDetector.OneRegionMaximumRegionAreaThresh
[       OK ] RegionDetector.OneRegionMaximumRegionAreaThresh (0 ms)
[ RUN      ] RegionDetector.OneRegionMinimumThresholdValue
[       OK ] RegionDetector.OneRegionMinimumThresholdValue (0 ms)
[ RUN      ] RegionDetector.OneRegionAverageThresholdValue
[       OK ] RegionDetector.OneRegionAverageThresholdValue (0 ms)
[ RUN      ] RegionDetector.OneRegionMaximumThresholdValue
[       OK ] RegionDetector.OneRegionMaximumThresholdValue (0 ms)
[ RUN      ] RegionDetector.OneLargeRegion
[       OK ] RegionDetector.OneLargeRegion (0 ms)
[ RUN      ] RegionDetector.OneLargeRegionWithHole
[       OK ] RegionDetector.OneLargeRegionWithHole (0 ms)
[ RUN      ] RegionDetector.OneTriangularRegion
[       OK ] RegionDetector.OneTriangularRegion (0 ms)
[ RUN      ] RegionDetector.OneRectangularRegion
[       OK ] RegionDetector.OneRectangularRegion (0 ms)
[ RUN      ] RegionDetector.OneCircularRegion
[       OK ] RegionDetector.OneCircularRegion (2 ms)
[ RUN      ] RegionDetector.OneRegionComprisingDifferentDensityPositions
[       OK ] RegionDetector.OneRegionComprisingDifferentDensityPositions (0 ms)
[ RUN      ] RegionDetector.OneZeroAngleRegion
[       OK ] RegionDetector.OneZeroAngleRegion (0 ms)
[ RUN      ] RegionDetector.OneNinetyAngleRegion
[       OK ] RegionDetector.OneNinetyAngleRegion (0 ms)
[ RUN      ] RegionDetector.OneBetweenZeroAndOneHundredEightyAngleRegion
[       OK ] RegionDetector.OneBetweenZeroAndOneHundredEightyAngleRegion (0 ms)
[ RUN      ] RegionDetector.OneMaximumAngleRegion
[       OK ] RegionDetector.OneMaximumAngleRegion (1 ms)
[ RUN      ] RegionDetector.OneRegionSpatialMeasures
[       OK ] RegionDetector.OneRegionSpatialMeasures (0 ms)
[ RUN      ] RegionDetector.OneRegionWithHoleAllSpatialMeasures
[       OK ] RegionDetector.OneRegionWithHoleAllSpatialMeasures (0 ms)
[ RUN      ] RegionDetector.MultipleRegions
[       OK ] RegionDetector.MultipleRegions (0 ms)
[----------] 38 tests from RegionDetector (6 ms total)

[----------] Global test environment tear-down
[==========] 38 tests from 1 test case ran. (6 ms total)
[  PASSED  ] 38 tests.
<end of output>
Test time =   0.02 sec
----------------------------------------------------------
Test Passed.
"RegionDetectorTest" end time: Apr 17 17:35 BST
"RegionDetectorTest" time elapsed: 00:00:00
----------------------------------------------------------

2/12 Testing: DBSCANTest
2/12 Test: DBSCANTest
Command: "/home/ovidiu/Temp/Mule/Multiscale/bin/test/DBSCANTest"
Directory: /home/ovidiu/Temp/Mule/Multiscale/build/Release/modules/analysis/spatial
"DBSCANTest" start time: Apr 17 17:35 BST
Output:
----------------------------------------------------------
[==========] Running 5 tests from 1 test case.
[----------] Global test environment set-up.
[----------] 5 tests from DBSCAN
[ RUN      ] DBSCAN.EachPointInItsOwnCluster
[       OK ] DBSCAN.EachPointInItsOwnCluster (0 ms)
[ RUN      ] DBSCAN.ThreeClusters
[       OK ] DBSCAN.ThreeClusters (0 ms)
[ RUN      ] DBSCAN.AllPointsInSameCluster
[       OK ] DBSCAN.AllPointsInSameCluster (0 ms)
[ RUN      ] DBSCAN.NoPoints
[       OK ] DBSCAN.NoPoints (0 ms)
[ RUN      ] DBSCAN.AllPointsInNoiseCluster
[       OK ] DBSCAN.AllPointsInNoiseCluster (0 ms)
[----------] 5 tests from DBSCAN (0 ms total)

[----------] Global test environment tear-down
[==========] 5 tests from 1 test case ran. (0 ms total)
[  PASSED  ] 5 tests.
<end of output>
Test time =   0.12 sec
----------------------------------------------------------
Test Passed.
"DBSCANTest" end time: Apr 17 17:35 BST
"DBSCANTest" time elapsed: 00:00:00
----------------------------------------------------------

9/12 Testing: MSTMLSubfilesMergerTest
9/12 Test: MSTMLSubfilesMergerTest
Command: "/home/ovidiu/Temp/Mule/Multiscale/bin/test/MSTMLSubfilesMergerTest"
Directory: /home/ovidiu/Temp/Mule/Multiscale/build/Release/modules/verification/spatial-temporal
"MSTMLSubfilesMergerTest" start time: Apr 17 17:35 BST
Output:
----------------------------------------------------------
[==========] Running 12 tests from 1 test case.
[----------] Global test environment set-up.
[----------] 12 tests from MSTMLSubfilesMerger
[ RUN      ] MSTMLSubfilesMerger.InvalidNoTracesNoTimepointsInvalidOutputFile
[       OK ] MSTMLSubfilesMerger.InvalidNoTracesNoTimepointsInvalidOutputFile (0 ms)
[ RUN      ] MSTMLSubfilesMerger.InvalidNoTraces
[       OK ] MSTMLSubfilesMerger.InvalidNoTraces (0 ms)
[ RUN      ] MSTMLSubfilesMerger.InvalidNoTimepoints
[       OK ] MSTMLSubfilesMerger.InvalidNoTimepoints (1 ms)
[ RUN      ] MSTMLSubfilesMerger.InvalidWrongOutputFile
[       OK ] MSTMLSubfilesMerger.InvalidWrongOutputFile (41 ms)
[ RUN      ] MSTMLSubfilesMerger.InvalidNoData
[       OK ] MSTMLSubfilesMerger.InvalidNoData (0 ms)
[ RUN      ] MSTMLSubfilesMerger.InvalidTracesStructure1
[       OK ] MSTMLSubfilesMerger.InvalidTracesStructure1 (8 ms)
[ RUN      ] MSTMLSubfilesMerger.InvalidTracesStructure2
[       OK ] MSTMLSubfilesMerger.InvalidTracesStructure2 (7 ms)
[ RUN      ] MSTMLSubfilesMerger.InvalidDifferentNumberOfTimepoints
[       OK ] MSTMLSubfilesMerger.InvalidDifferentNumberOfTimepoints (32 ms)
[ RUN      ] MSTMLSubfilesMerger.InvalidDifferentTimepointsValues
[       OK ] MSTMLSubfilesMerger.InvalidDifferentTimepointsValues (21 ms)
[ RUN      ] MSTMLSubfilesMerger.InvalidIdenticNumericStateVariables
[       OK ] MSTMLSubfilesMerger.InvalidIdenticNumericStateVariables (21 ms)
[ RUN      ] MSTMLSubfilesMerger.InvalidIdenticSpatialEntities
[       OK ] MSTMLSubfilesMerger.InvalidIdenticSpatialEntities (31 ms)
[ RUN      ] MSTMLSubfilesMerger.Valid
[       OK ] MSTMLSubfilesMerger.Valid (40 ms)
[----------] 12 tests from MSTMLSubfilesMerger (202 ms total)

[----------] Global test environment tear-down
[==========] 12 tests from 1 test case ran. (202 ms total)
[  PASSED  ] 12 tests.
<end of output>
Test time =   0.21 sec
----------------------------------------------------------
Test Passed.
"MSTMLSubfilesMergerTest" end time: Apr 17 17:35 BST
"MSTMLSubfilesMergerTest" time elapsed: 00:00:00
----------------------------------------------------------

10/12 Testing: MultiscaleArchitectureGraphTest
10/12 Test: MultiscaleArchitectureGraphTest
Command: "/home/ovidiu/Temp/Mule/Multiscale/bin/test/MultiscaleArchitectureGraphTest"
Directory: /home/ovidiu/Temp/Mule/Multiscale/build/Release/modules/verification/spatial-temporal
"MultiscaleArchitectureGraphTest" start time: Apr 17 17:35 BST
Output:
----------------------------------------------------------
[==========] Running 4 tests from 1 test case.
[----------] Global test environment set-up.
[----------] 4 tests from MultiscaleArchitectureGraph
[ RUN      ] MultiscaleArchitectureGraph.InvalidMultiscaleArchitectureGraphDisconnected
[       OK ] MultiscaleArchitectureGraph.InvalidMultiscaleArchitectureGraphDisconnected (4 ms)
[ RUN      ] MultiscaleArchitectureGraph.InvalidMultiscaleArchitectureGraphNoRoot
[       OK ] MultiscaleArchitectureGraph.InvalidMultiscaleArchitectureGraphNoRoot (4 ms)
[ RUN      ] MultiscaleArchitectureGraph.InvalidMultiscaleArchitectureGraphNonUniquePathToVertex
[       OK ] MultiscaleArchitectureGraph.InvalidMultiscaleArchitectureGraphNonUniquePathToVertex (3 ms)
[ RUN      ] MultiscaleArchitectureGraph.ValidMultiscaleArchitectureGraph
[       OK ] MultiscaleArchitectureGraph.ValidMultiscaleArchitectureGraph (4 ms)
[----------] 4 tests from MultiscaleArchitectureGraph (15 ms total)

[----------] Global test environment tear-down
[==========] 4 tests from 1 test case ran. (15 ms total)
[  PASSED  ] 4 tests.
<end of output>
Test time =   0.21 sec
----------------------------------------------------------
Test Passed.
"MultiscaleArchitectureGraphTest" end time: Apr 17 17:35 BST
"MultiscaleArchitectureGraphTest" time elapsed: 00:00:00
----------------------------------------------------------

12/12 Testing: ParserTest
12/12 Test: ParserTest
Command: "/home/ovidiu/Temp/Mule/Multiscale/bin/test/ParserTest"
Directory: /home/ovidiu/Temp/Mule/Multiscale/build/Release/modules/verification/spatial-temporal
"ParserTest" start time: Apr 17 17:35 BST
Output:
----------------------------------------------------------
[==========] Running 598 tests from 68 test cases.
[----------] Global test environment set-up.
[----------] 11 tests from BinaryNumericFilter
[ RUN      ] BinaryNumericFilter.IncorrectInputMissingParameterOne
[       OK ] BinaryNumericFilter.IncorrectInputMissingParameterOne (1 ms)
[ RUN      ] BinaryNumericFilter.IncorrectInputMissingParameterTwo
[       OK ] BinaryNumericFilter.IncorrectInputMissingParameterTwo (0 ms)
[ RUN      ] BinaryNumericFilter.IncorrectInputMissingParametersOneTwo
[       OK ] BinaryNumericFilter.IncorrectInputMissingParametersOneTwo (1 ms)
[ RUN      ] BinaryNumericFilter.IncorrectInputBeforeStartBracket
[       OK ] BinaryNumericFilter.IncorrectInputBeforeStartBracket (0 ms)
[ RUN      ] BinaryNumericFilter.IncorrectInputAfterStartBracket
[       OK ] BinaryNumericFilter.IncorrectInputAfterStartBracket (1 ms)
[ RUN      ] BinaryNumericFilter.InvalidFirstParameter
[       OK ] BinaryNumericFilter.InvalidFirstParameter (1 ms)
[ RUN      ] BinaryNumericFilter.MissingParametersComma
[       OK ] BinaryNumericFilter.MissingParametersComma (0 ms)
[ RUN      ] BinaryNumericFilter.InvalidSecondParameter
[       OK ] BinaryNumericFilter.InvalidSecondParameter (1 ms)
[ RUN      ] BinaryNumericFilter.IncorrectInputBeforeEndBracket
[       OK ] BinaryNumericFilter.IncorrectInputBeforeEndBracket (0 ms)
[ RUN      ] BinaryNumericFilter.IncorrectInputAfterEndBracket
[       OK ] BinaryNumericFilter.IncorrectInputAfterEndBracket (1 ms)
[ RUN      ] BinaryNumericFilter.Correct
[       OK ] BinaryNumericFilter.Correct (0 ms)
[----------] 11 tests from BinaryNumericFilter (6 ms total)

[----------] 8 tests from BinaryNumericMeasure
[ RUN      ] BinaryNumericMeasure.IncorrectBinaryNumericMeasure
[       OK ] BinaryNumericMeasure.IncorrectBinaryNumericMeasure (1 ms)
[ RUN      ] BinaryNumericMeasure.CorrectAdd
[       OK ] BinaryNumericMeasure.CorrectAdd (0 ms)
[ RUN      ] BinaryNumericMeasure.CorrectDiv
[       OK ] BinaryNumericMeasure.CorrectDiv (1 ms)
[ RUN      ] BinaryNumericMeasure.CorrectLog
[       OK ] BinaryNumericMeasure.CorrectLog (0 ms)
[ RUN      ] BinaryNumericMeasure.CorrectMod
[       OK ] BinaryNumericMeasure.CorrectMod (1 ms)
[ RUN      ] BinaryNumericMeasure.CorrectMultiply
[       OK ] BinaryNumericMeasure.CorrectMultiply (0 ms)
[ RUN      ] BinaryNumericMeasure.CorrectPower
[       OK ] BinaryNumericMeasure.CorrectPower (0 ms)
[ RUN      ] BinaryNumericMeasure.CorrectSubtract
[       OK ] BinaryNumericMeasure.CorrectSubtract (1 ms)
[----------] 8 tests from BinaryNumericMeasure (4 ms total)

[----------] 11 tests from BinaryNumericNumeric
[ RUN      ] BinaryNumericNumeric.IncorrectInputMissingParameterOne
[       OK ] BinaryNumericNumeric.IncorrectInputMissingParameterOne (0 ms)
[ RUN      ] BinaryNumericNumeric.IncorrectInputMissingParameterTwo
[       OK ] BinaryNumericNumeric.IncorrectInputMissingParameterTwo (1 ms)
[ RUN      ] BinaryNumericNumeric.IncorrectInputMissingParametersOneTwo
[       OK ] BinaryNumericNumeric.IncorrectInputMissingParametersOneTwo (0 ms)
[ RUN      ] BinaryNumericNumeric.IncorrectInputBeforeStartBracket
[       OK ] BinaryNumericNumeric.IncorrectInputBeforeStartBracket (1 ms)
[ RUN      ] BinaryNumericNumeric.IncorrectInputAfterStartBracket
[       OK ] BinaryNumericNumeric.IncorrectInputAfterStartBracket (0 ms)
[ RUN      ] BinaryNumericNumeric.InvalidFirstParameter
[       OK ] BinaryNumericNumeric.InvalidFirstParameter (1 ms)
[ RUN      ] BinaryNumericNumeric.MissingParametersComma
[       OK ] BinaryNumericNumeric.MissingParametersComma (0 ms)
[ RUN      ] BinaryNumericNumeric.InvalidSecondParameter
[       OK ] BinaryNumericNumeric.InvalidSecondParameter (1 ms)
[ RUN      ] BinaryNumericNumeric.IncorrectInputBeforeEndBracket
[       OK ] BinaryNumericNumeric.IncorrectInputBeforeEndBracket (0 ms)
[ RUN      ] BinaryNumericNumeric.IncorrectInputAfterEndBracket
[       OK ] BinaryNumericNumeric.IncorrectInputAfterEndBracket (1 ms)
[ RUN      ] BinaryNumericNumeric.Correct
[       OK ] BinaryNumericNumeric.Correct (0 ms)
[----------] 11 tests from BinaryNumericNumeric (5 ms total)

[----------] 11 tests from BinaryNumericSpatial
[ RUN      ] BinaryNumericSpatial.IncorrectInputMissingParameterOne
[       OK ] BinaryNumericSpatial.IncorrectInputMissingParameterOne (1 ms)
[ RUN      ] BinaryNumericSpatial.IncorrectInputMissingParameterTwo
[       OK ] BinaryNumericSpatial.IncorrectInputMissingParameterTwo (0 ms)
[ RUN      ] BinaryNumericSpatial.IncorrectInputMissingParametersOneTwo
[       OK ] BinaryNumericSpatial.IncorrectInputMissingParametersOneTwo (1 ms)
[ RUN      ] BinaryNumericSpatial.IncorrectInputBeforeStartBracket
[       OK ] BinaryNumericSpatial.IncorrectInputBeforeStartBracket (0 ms)
[ RUN      ] BinaryNumericSpatial.IncorrectInputAfterStartBracket
[       OK ] BinaryNumericSpatial.IncorrectInputAfterStartBracket (0 ms)
[ RUN      ] BinaryNumericSpatial.InvalidFirstParameter
[       OK ] BinaryNumericSpatial.InvalidFirstParameter (1 ms)
[ RUN      ] BinaryNumericSpatial.MissingParametersComma
[       OK ] BinaryNumericSpatial.MissingParametersComma (1 ms)
[ RUN      ] BinaryNumericSpatial.InvalidSecondParameter
[       OK ] BinaryNumericSpatial.InvalidSecondParameter (0 ms)
[ RUN      ] BinaryNumericSpatial.IncorrectInputBeforeEndBracket
[       OK ] BinaryNumericSpatial.IncorrectInputBeforeEndBracket (1 ms)
[ RUN      ] BinaryNumericSpatial.IncorrectInputAfterEndBracket
[       OK ] BinaryNumericSpatial.IncorrectInputAfterEndBracket (1 ms)
[ RUN      ] BinaryNumericSpatial.Correct
[       OK ] BinaryNumericSpatial.Correct (0 ms)
[----------] 11 tests from BinaryNumericSpatial (6 ms total)

[----------] 11 tests from BinaryNumericTemporal
[ RUN      ] BinaryNumericTemporal.IncorrectInputMissingParameterOne
[       OK ] BinaryNumericTemporal.IncorrectInputMissingParameterOne (1 ms)
[ RUN      ] BinaryNumericTemporal.IncorrectInputMissingParameterTwo
[       OK ] BinaryNumericTemporal.IncorrectInputMissingParameterTwo (0 ms)
[ RUN      ] BinaryNumericTemporal.IncorrectInputMissingParametersOneTwo
[       OK ] BinaryNumericTemporal.IncorrectInputMissingParametersOneTwo (1 ms)
[ RUN      ] BinaryNumericTemporal.IncorrectInputBeforeStartBracket
[       OK ] BinaryNumericTemporal.IncorrectInputBeforeStartBracket (0 ms)
[ RUN      ] BinaryNumericTemporal.IncorrectInputAfterStartBracket
[       OK ] BinaryNumericTemporal.IncorrectInputAfterStartBracket (1 ms)
[ RUN      ] BinaryNumericTemporal.InvalidFirstParameter
[       OK ] BinaryNumericTemporal.InvalidFirstParameter (0 ms)
[ RUN      ] BinaryNumericTemporal.MissingParametersComma
[       OK ] BinaryNumericTemporal.MissingParametersComma (0 ms)
[ RUN      ] BinaryNumericTemporal.InvalidSecondParameter
[       OK ] BinaryNumericTemporal.InvalidSecondParameter (0 ms)
[ RUN      ] BinaryNumericTemporal.IncorrectInputBeforeEndBracket
[       OK ] BinaryNumericTemporal.IncorrectInputBeforeEndBracket (1 ms)
[ RUN      ] BinaryNumericTemporal.IncorrectInputAfterEndBracket
[       OK ] BinaryNumericTemporal.IncorrectInputAfterEndBracket (0 ms)
[ RUN      ] BinaryNumericTemporal.Correct
[       OK ] BinaryNumericTemporal.Correct (1 ms)
[----------] 11 tests from BinaryNumericTemporal (6 ms total)

[----------] 2 tests from BinaryStatisticalMeasure
[ RUN      ] BinaryStatisticalMeasure.IncorrectQuaternarySubsetMeasure
[       OK ] BinaryStatisticalMeasure.IncorrectQuaternarySubsetMeasure (0 ms)
[ RUN      ] BinaryStatisticalMeasure.CorrectCovar
[       OK ] BinaryStatisticalMeasure.CorrectCovar (1 ms)
[----------] 2 tests from BinaryStatisticalMeasure (1 ms total)

[----------] 9 tests from BinaryStatisticalNumeric
[ RUN      ] BinaryStatisticalNumeric.IncorrectInputMissingParameterOne
[       OK ] BinaryStatisticalNumeric.IncorrectInputMissingParameterOne (0 ms)
[ RUN      ] BinaryStatisticalNumeric.IncorrectInputMissingParameterTwo
[       OK ] BinaryStatisticalNumeric.IncorrectInputMissingParameterTwo (1 ms)
[ RUN      ] BinaryStatisticalNumeric.IncorrectInputMissingParametersOneTwo
[       OK ] BinaryStatisticalNumeric.IncorrectInputMissingParametersOneTwo (0 ms)
[ RUN      ] BinaryStatisticalNumeric.IncorrectInputBeforeStartBracket
[       OK ] BinaryStatisticalNumeric.IncorrectInputBeforeStartBracket (1 ms)
[ RUN      ] BinaryStatisticalNumeric.IncorrectInputAfterStartBracket
[       OK ] BinaryStatisticalNumeric.IncorrectInputAfterStartBracket (0 ms)
[ RUN      ] BinaryStatisticalNumeric.MissingComma
[       OK ] BinaryStatisticalNumeric.MissingComma (0 ms)
[ RUN      ] BinaryStatisticalNumeric.IncorrectInputBeforeEndBracket
[       OK ] BinaryStatisticalNumeric.IncorrectInputBeforeEndBracket (1 ms)
[ RUN      ] BinaryStatisticalNumeric.IncorrectInputAfterEndBracket
[       OK ] BinaryStatisticalNumeric.IncorrectInputAfterEndBracket (0 ms)
[ RUN      ] BinaryStatisticalNumeric.Correct
[       OK ] BinaryStatisticalNumeric.Correct (1 ms)
[----------] 9 tests from BinaryStatisticalNumeric (4 ms total)

[----------] 3 tests from BinaryStatisticalQuantileMeasure
[ RUN      ] BinaryStatisticalQuantileMeasure.IncorrectBinaryStatisticalQuantileMeasure
[       OK ] BinaryStatisticalQuantileMeasure.IncorrectBinaryStatisticalQuantileMeasure (0 ms)
[ RUN      ] BinaryStatisticalQuantileMeasure.CorrectPercentile
[       OK ] BinaryStatisticalQuantileMeasure.CorrectPercentile (1 ms)
[ RUN      ] BinaryStatisticalQuantileMeasure.CorrectQuartile
[       OK ] BinaryStatisticalQuantileMeasure.CorrectQuartile (0 ms)
[----------] 3 tests from BinaryStatisticalQuantileMeasure (1 ms total)

[----------] 10 tests from BinaryStatisticalQuantileNumeric
[ RUN      ] BinaryStatisticalQuantileNumeric.IncorrectInputMissingParameterOne
[       OK ] BinaryStatisticalQuantileNumeric.IncorrectInputMissingParameterOne (1 ms)
[ RUN      ] BinaryStatisticalQuantileNumeric.IncorrectInputMissingParameterTwo
[       OK ] BinaryStatisticalQuantileNumeric.IncorrectInputMissingParameterTwo (0 ms)
[ RUN      ] BinaryStatisticalQuantileNumeric.IncorrectInputMissingParametersOneTwo
[       OK ] BinaryStatisticalQuantileNumeric.IncorrectInputMissingParametersOneTwo (0 ms)
[ RUN      ] BinaryStatisticalQuantileNumeric.IncorrectInputBeforeStartBracket
[       OK ] BinaryStatisticalQuantileNumeric.IncorrectInputBeforeStartBracket (1 ms)
[ RUN      ] BinaryStatisticalQuantileNumeric.IncorrectInputAfterStartBracket
[       OK ] BinaryStatisticalQuantileNumeric.IncorrectInputAfterStartBracket (0 ms)
[ RUN      ] BinaryStatisticalQuantileNumeric.MissingComma
[       OK ] BinaryStatisticalQuantileNumeric.MissingComma (1 ms)
[ RUN      ] BinaryStatisticalQuantileNumeric.InvalidSpatialMeasureCollection
[       OK ] BinaryStatisticalQuantileNumeric.InvalidSpatialMeasureCollection (0 ms)
[ RUN      ] BinaryStatisticalQuantileNumeric.IncorrectInputBeforeEndBracket
[       OK ] BinaryStatisticalQuantileNumeric.IncorrectInputBeforeEndBracket (1 ms)
[ RUN      ] BinaryStatisticalQuantileNumeric.IncorrectInputAfterEndBracket
[       OK ] BinaryStatisticalQuantileNumeric.IncorrectInputAfterEndBracket (0 ms)
[ RUN      ] BinaryStatisticalQuantileNumeric.Correct
[       OK ] BinaryStatisticalQuantileNumeric.Correct (1 ms)
[----------] 10 tests from BinaryStatisticalQuantileNumeric (5 ms total)

[----------] 10 tests from BinaryStatisticalQuantileSpatial
[ RUN      ] BinaryStatisticalQuantileSpatial.IncorrectInputMissingParameterOne
[       OK ] BinaryStatisticalQuantileSpatial.IncorrectInputMissingParameterOne (0 ms)
[ RUN      ] BinaryStatisticalQuantileSpatial.IncorrectInputMissingParameterTwo
[       OK ] BinaryStatisticalQuantileSpatial.IncorrectInputMissingParameterTwo (1 ms)
[ RUN      ] BinaryStatisticalQuantileSpatial.IncorrectInputMissingParametersOneTwo
[       OK ] BinaryStatisticalQuantileSpatial.IncorrectInputMissingParametersOneTwo (0 ms)
[ RUN      ] BinaryStatisticalQuantileSpatial.IncorrectInputBeforeStartBracket
[       OK ] BinaryStatisticalQuantileSpatial.IncorrectInputBeforeStartBracket (1 ms)
[ RUN      ] BinaryStatisticalQuantileSpatial.IncorrectInputAfterStartBracket
[       OK ] BinaryStatisticalQuantileSpatial.IncorrectInputAfterStartBracket (0 ms)
[ RUN      ] BinaryStatisticalQuantileSpatial.MissingComma
[       OK ] BinaryStatisticalQuantileSpatial.MissingComma (1 ms)
[ RUN      ] BinaryStatisticalQuantileSpatial.InvalidSpatialMeasureCollection
[       OK ] BinaryStatisticalQuantileSpatial.InvalidSpatialMeasureCollection (0 ms)
[ RUN      ] BinaryStatisticalQuantileSpatial.IncorrectInputBeforeEndBracket
[       OK ] BinaryStatisticalQuantileSpatial.IncorrectInputBeforeEndBracket (1 ms)
[ RUN      ] BinaryStatisticalQuantileSpatial.IncorrectInputAfterEndBracket
[       OK ] BinaryStatisticalQuantileSpatial.IncorrectInputAfterEndBracket (0 ms)
[ RUN      ] BinaryStatisticalQuantileSpatial.Correct
[       OK ] BinaryStatisticalQuantileSpatial.Correct (1 ms)
[----------] 10 tests from BinaryStatisticalQuantileSpatial (5 ms total)

[----------] 9 tests from BinaryStatisticalSpatial
[ RUN      ] BinaryStatisticalSpatial.IncorrectInputMissingParameterOne
[       OK ] BinaryStatisticalSpatial.IncorrectInputMissingParameterOne (0 ms)
[ RUN      ] BinaryStatisticalSpatial.IncorrectInputMissingParameterTwo
[       OK ] BinaryStatisticalSpatial.IncorrectInputMissingParameterTwo (1 ms)
[ RUN      ] BinaryStatisticalSpatial.IncorrectInputMissingParametersOneTwo
[       OK ] BinaryStatisticalSpatial.IncorrectInputMissingParametersOneTwo (0 ms)
[ RUN      ] BinaryStatisticalSpatial.IncorrectInputBeforeStartBracket
[       OK ] BinaryStatisticalSpatial.IncorrectInputBeforeStartBracket (1 ms)
[ RUN      ] BinaryStatisticalSpatial.IncorrectInputAfterStartBracket
[       OK ] BinaryStatisticalSpatial.IncorrectInputAfterStartBracket (0 ms)
[ RUN      ] BinaryStatisticalSpatial.MissingComma
[       OK ] BinaryStatisticalSpatial.MissingComma (1 ms)
[ RUN      ] BinaryStatisticalSpatial.IncorrectInputBeforeEndBracket
[       OK ] BinaryStatisticalSpatial.IncorrectInputBeforeEndBracket (0 ms)
[ RUN      ] BinaryStatisticalSpatial.IncorrectInputAfterEndBracket
[       OK ] BinaryStatisticalSpatial.IncorrectInputAfterEndBracket (1 ms)
[ RUN      ] BinaryStatisticalSpatial.Correct
[       OK ] BinaryStatisticalSpatial.Correct (0 ms)
[----------] 9 tests from BinaryStatisticalSpatial (4 ms total)

[----------] 3 tests from ChangeMeasure
[ RUN      ] ChangeMeasure.IncorrectChangeMeasure
[       OK ] ChangeMeasure.IncorrectChangeMeasure (1 ms)
[ RUN      ] ChangeMeasure.CorrectDifference
[       OK ] ChangeMeasure.CorrectDifference (0 ms)
[ RUN      ] ChangeMeasure.CorrectRatio
[       OK ] ChangeMeasure.CorrectRatio (0 ms)
[----------] 3 tests from ChangeMeasure (1 ms total)

[----------] 19 tests from ChangeTemporalNumericCollection
[ RUN      ] ChangeTemporalNumericCollection.IncorrectChangeMeasureDf
[       OK ] ChangeTemporalNumericCollection.IncorrectChangeMeasureDf (1 ms)
[ RUN      ] ChangeTemporalNumericCollection.IncorrectChangeMeasureDiff
[       OK ] ChangeTemporalNumericCollection.IncorrectChangeMeasureDiff (0 ms)
[ RUN      ] ChangeTemporalNumericCollection.IncorrectChangeMeasureRatio
[       OK ] ChangeTemporalNumericCollection.IncorrectChangeMeasureRatio (1 ms)
[ RUN      ] ChangeTemporalNumericCollection.IncorrectInputBeforeChangeMeasure
[       OK ] ChangeTemporalNumericCollection.IncorrectInputBeforeChangeMeasure (0 ms)
[ RUN      ] ChangeTemporalNumericCollection.IncorrectInputBeforeStartParanthesis
[       OK ] ChangeTemporalNumericCollection.IncorrectInputBeforeStartParanthesis (1 ms)
[ RUN      ] ChangeTemporalNumericCollection.IncorrectInputAfterStartParanthesis
[       OK ] ChangeTemporalNumericCollection.IncorrectInputAfterStartParanthesis (0 ms)
[ RUN      ] ChangeTemporalNumericCollection.MissingParameter
[       OK ] ChangeTemporalNumericCollection.MissingParameter (1 ms)
[ RUN      ] ChangeTemporalNumericCollection.IncorrectInputMissingParameterAndBrackets
[       OK ] ChangeTemporalNumericCollection.IncorrectInputMissingParameterAndBrackets (0 ms)
[ RUN      ] ChangeTemporalNumericCollection.IncorrectOpeningBracket
[       OK ] ChangeTemporalNumericCollection.IncorrectOpeningBracket (1 ms)
[ RUN      ] ChangeTemporalNumericCollection.IncorrectClosingBracket
[       OK ] ChangeTemporalNumericCollection.IncorrectClosingBracket (0 ms)
[ RUN      ] ChangeTemporalNumericCollection.IncorrectBrackets
[       OK ] ChangeTemporalNumericCollection.IncorrectBrackets (1 ms)
[ RUN      ] ChangeTemporalNumericCollection.IncorrectBracketsInverted
[       OK ] ChangeTemporalNumericCollection.IncorrectBracketsInverted (0 ms)
[ RUN      ] ChangeTemporalNumericCollection.IncorrectBracketsDoubled
[       OK ] ChangeTemporalNumericCollection.IncorrectBracketsDoubled (1 ms)
[ RUN      ] ChangeTemporalNumericCollection.IncorrectInputBeforeEndParanthesis
[       OK ] ChangeTemporalNumericCollection.IncorrectInputBeforeEndParanthesis (0 ms)
[ RUN      ] ChangeTemporalNumericCollection.IncorrectInputAfterEndParanthesis
[       OK ] ChangeTemporalNumericCollection.IncorrectInputAfterEndParanthesis (1 ms)
[ RUN      ] ChangeTemporalNumericCollection.IncorrectTemporalNumericCollectionRealNumber
[       OK ] ChangeTemporalNumericCollection.IncorrectTemporalNumericCollectionRealNumber (0 ms)
[ RUN      ] ChangeTemporalNumericCollection.IncorrectTemporalNumericCollectionNumericStateVariable
[       OK ] ChangeTemporalNumericCollection.IncorrectTemporalNumericCollectionNumericStateVariable (1 ms)
[ RUN      ] ChangeTemporalNumericCollection.IncorrectTemporalNumericCollectionNumericSpatialMeasure
[       OK ] ChangeTemporalNumericCollection.IncorrectTemporalNumericCollectionNumericSpatialMeasure (0 ms)
[ RUN      ] ChangeTemporalNumericCollection.Correct
[       OK ] ChangeTemporalNumericCollection.Correct (0 ms)
[----------] 19 tests from ChangeTemporalNumericCollection (9 ms total)

[----------] 16 tests from ChangeTemporalNumericMeasure
[ RUN      ] ChangeTemporalNumericMeasure.IncorrectChangeMeasure
[       OK ] ChangeTemporalNumericMeasure.IncorrectChangeMeasure (1 ms)
[ RUN      ] ChangeTemporalNumericMeasure.IncorrectInputBeforeChangeMeasure
[       OK ] ChangeTemporalNumericMeasure.IncorrectInputBeforeChangeMeasure (0 ms)
[ RUN      ] ChangeTemporalNumericMeasure.IncorrectInputBeforeStartParanthesis
[       OK ] ChangeTemporalNumericMeasure.IncorrectInputBeforeStartParanthesis (1 ms)
[ RUN      ] ChangeTemporalNumericMeasure.IncorrectInputAfterStartParanthesis
[       OK ] ChangeTemporalNumericMeasure.IncorrectInputAfterStartParanthesis (0 ms)
[ RUN      ] ChangeTemporalNumericMeasure.MissingParameter
[       OK ] ChangeTemporalNumericMeasure.MissingParameter (1 ms)
[ RUN      ] ChangeTemporalNumericMeasure.IncorrectInputMissingParameterAndBrackets
[       OK ] ChangeTemporalNumericMeasure.IncorrectInputMissingParameterAndBrackets (0 ms)
[ RUN      ] ChangeTemporalNumericMeasure.IncorrectOpeningBracket
[       OK ] ChangeTemporalNumericMeasure.IncorrectOpeningBracket (1 ms)
[ RUN      ] ChangeTemporalNumericMeasure.IncorrectClosingBracket
[       OK ] ChangeTemporalNumericMeasure.IncorrectClosingBracket (0 ms)
[ RUN      ] ChangeTemporalNumericMeasure.IncorrectBrackets
[       OK ] ChangeTemporalNumericMeasure.IncorrectBrackets (0 ms)
[ RUN      ] ChangeTemporalNumericMeasure.IncorrectBracketsInverted
[       OK ] ChangeTemporalNumericMeasure.IncorrectBracketsInverted (1 ms)
[ RUN      ] ChangeTemporalNumericMeasure.IncorrectBracketsDoubled
[       OK ] ChangeTemporalNumericMeasure.IncorrectBracketsDoubled (0 ms)
[ RUN      ] ChangeTemporalNumericMeasure.IncorrectInputBeforeEndParanthesis
[       OK ] ChangeTemporalNumericMeasure.IncorrectInputBeforeEndParanthesis (1 ms)
[ RUN      ] ChangeTemporalNumericMeasure.IncorrectInputAfterEndParanthesis
[       OK ] ChangeTemporalNumericMeasure.IncorrectInputAfterEndParanthesis (0 ms)
[ RUN      ] ChangeTemporalNumericMeasure.MissingComparator
[       OK ] ChangeTemporalNumericMeasure.MissingComparator (1 ms)
[ RUN      ] ChangeTemporalNumericMeasure.IncorrectEndOperand
[       OK ] ChangeTemporalNumericMeasure.IncorrectEndOperand (0 ms)
[ RUN      ] ChangeTemporalNumericMeasure.Correct
[       OK ] ChangeTemporalNumericMeasure.Correct (1 ms)
[----------] 16 tests from ChangeTemporalNumericMeasure (8 ms total)

[----------] 8 tests from Comparator
[ RUN      ] Comparator.IncorrectEqual
[       OK ] Comparator.IncorrectEqual (0 ms)
[ RUN      ] Comparator.IncorrectDifferent1
[       OK ] Comparator.IncorrectDifferent1 (1 ms)
[ RUN      ] Comparator.IncorrectDifferent2
[       OK ] Comparator.IncorrectDifferent2 (0 ms)
[ RUN      ] Comparator.CorrectGreaterThan
[       OK ] Comparator.CorrectGreaterThan (0 ms)
[ RUN      ] Comparator.CorrectLessThan
[       OK ] Comparator.CorrectLessThan (1 ms)
[ RUN      ] Comparator.CorrectGreaterThanOrEqual
[       OK ] Comparator.CorrectGreaterThanOrEqual (0 ms)
[ RUN      ] Comparator.CorrectLessThanOrEqual
[       OK ] Comparator.CorrectLessThanOrEqual (1 ms)
[ RUN      ] Comparator.CorrectEqual
[       OK ] Comparator.CorrectEqual (0 ms)
[----------] 8 tests from Comparator (3 ms total)

[----------] 12 tests from CompoundConstraint
[ RUN      ] CompoundConstraint.MissingBinaryOperator
[       OK ] CompoundConstraint.MissingBinaryOperator (0 ms)
[ RUN      ] CompoundConstraint.MissingConstraints
[       OK ] CompoundConstraint.MissingConstraints (2 ms)
[ RUN      ] CompoundConstraint.MissingFirstConstraint
[       OK ] CompoundConstraint.MissingFirstConstraint (2 ms)
[ RUN      ] CompoundConstraint.MissingSecondConstraint
[       OK ] CompoundConstraint.MissingSecondConstraint (2 ms)
[ RUN      ] CompoundConstraint.BinaryOperatorAsUnaryBefore
[       OK ] CompoundConstraint.BinaryOperatorAsUnaryBefore (2 ms)
[ RUN      ] CompoundConstraint.BinaryOperatorAsUnaryAfter
[       OK ] CompoundConstraint.BinaryOperatorAsUnaryAfter (2 ms)
[ RUN      ] CompoundConstraint.TemporalNumericComparisonBeforeBinaryOperator
[       OK ] CompoundConstraint.TemporalNumericComparisonBeforeBinaryOperator (2 ms)
[ RUN      ] CompoundConstraint.UnaryNumericMeasureAfterBinaryOperator
[       OK ] CompoundConstraint.UnaryNumericMeasureAfterBinaryOperator (2 ms)
[ RUN      ] CompoundConstraint.AdditionalOperatorBeforeBinaryOperator
[       OK ] CompoundConstraint.AdditionalOperatorBeforeBinaryOperator (3 ms)
[ RUN      ] CompoundConstraint.AdditionalOperatorAfterBinaryOperator
[       OK ] CompoundConstraint.AdditionalOperatorAfterBinaryOperator (2 ms)
[ RUN      ] CompoundConstraint.Correct
[       OK ] CompoundConstraint.Correct (1 ms)
[ RUN      ] CompoundConstraint.MultipleCorrect
[       OK ] CompoundConstraint.MultipleCorrect (2 ms)
[----------] 12 tests from CompoundConstraint (22 ms total)

[----------] 12 tests from CompoundLogicProperty
[ RUN      ] CompoundLogicProperty.MissingBinaryOperator
[       OK ] CompoundLogicProperty.MissingBinaryOperator (0 ms)
[ RUN      ] CompoundLogicProperty.MissingLogicProperties
[       OK ] CompoundLogicProperty.MissingLogicProperties (2 ms)
[ RUN      ] CompoundLogicProperty.MissingFirstLogicProperty
[       OK ] CompoundLogicProperty.MissingFirstLogicProperty (2 ms)
[ RUN      ] CompoundLogicProperty.MissingSecondLogicProperty
[       OK ] CompoundLogicProperty.MissingSecondLogicProperty (2 ms)
[ RUN      ] CompoundLogicProperty.BinaryOperatorAsUnaryBefore
[       OK ] CompoundLogicProperty.BinaryOperatorAsUnaryBefore (1 ms)
[ RUN      ] CompoundLogicProperty.BinaryOperatorAsUnaryAfter
[       OK ] CompoundLogicProperty.BinaryOperatorAsUnaryAfter (2 ms)
[ RUN      ] CompoundLogicProperty.UnaryStatisticalMeasureBeforeBinaryOperator
[       OK ] CompoundLogicProperty.UnaryStatisticalMeasureBeforeBinaryOperator (2 ms)
[ RUN      ] CompoundLogicProperty.UnaryNumericMeasureAfterBinaryOperator
[       OK ] CompoundLogicProperty.UnaryNumericMeasureAfterBinaryOperator (2 ms)
[ RUN      ] CompoundLogicProperty.AdditionalOperatorBeforeBinaryOperator
[       OK ] CompoundLogicProperty.AdditionalOperatorBeforeBinaryOperator (2 ms)
[ RUN      ] CompoundLogicProperty.AdditionalOperatorAfterBinaryOperator
[       OK ] CompoundLogicProperty.AdditionalOperatorAfterBinaryOperator (2 ms)
[ RUN      ] CompoundLogicProperty.Correct
[       OK ] CompoundLogicProperty.Correct (1 ms)
[ RUN      ] CompoundLogicProperty.MultipleCorrect
[       OK ] CompoundLogicProperty.MultipleCorrect (2 ms)
[----------] 12 tests from CompoundLogicProperty (20 ms total)

[----------] 10 tests from ConstraintEnclosedByParentheses
[ RUN      ] ConstraintEnclosedByParentheses.MissingParenthesisRight
[       OK ] ConstraintEnclosedByParentheses.MissingParenthesisRight (0 ms)
[ RUN      ] ConstraintEnclosedByParentheses.MissingParenthesisLeft
[       OK ] ConstraintEnclosedByParentheses.MissingParenthesisLeft (1 ms)
[ RUN      ] ConstraintEnclosedByParentheses.ExtraParenthesisLeft
[       OK ] ConstraintEnclosedByParentheses.ExtraParenthesisLeft (0 ms)
[ RUN      ] ConstraintEnclosedByParentheses.ExtraParenthesisRight
[       OK ] ConstraintEnclosedByParentheses.ExtraParenthesisRight (1 ms)
[ RUN      ] ConstraintEnclosedByParentheses.InvertedParentheses
[       OK ] ConstraintEnclosedByParentheses.InvertedParentheses (0 ms)
[ RUN      ] ConstraintEnclosedByParentheses.ExtraParenthesesBothSides
[       OK ] ConstraintEnclosedByParentheses.ExtraParenthesesBothSides (1 ms)
[ RUN      ] ConstraintEnclosedByParentheses.ParenthesesInWrongOrder
[       OK ] ConstraintEnclosedByParentheses.ParenthesesInWrongOrder (0 ms)
[ RUN      ] ConstraintEnclosedByParentheses.Correct
[       OK ] ConstraintEnclosedByParentheses.Correct (1 ms)
[ RUN      ] ConstraintEnclosedByParentheses.CorrectDoubled
[       OK ] ConstraintEnclosedByParentheses.CorrectDoubled (0 ms)
[ RUN      ] ConstraintEnclosedByParentheses.CorrectQuadrupled
[       OK ] ConstraintEnclosedByParentheses.CorrectQuadrupled (1 ms)
[----------] 10 tests from ConstraintEnclosedByParentheses (5 ms total)

[----------] 3 tests from Constraint
[ RUN      ] Constraint.ExtraInputBeforeConstraint
[       OK ] Constraint.ExtraInputBeforeConstraint (0 ms)
[ RUN      ] Constraint.ExtraInputAfterConstraint
[       OK ] Constraint.ExtraInputAfterConstraint (1 ms)
[ RUN      ] Constraint.Correct
[       OK ] Constraint.Correct (0 ms)
[----------] 3 tests from Constraint (1 ms total)

[----------] 12 tests from FilterSubset
[ RUN      ] FilterSubset.IncorrectAlternative
[       OK ] FilterSubset.IncorrectAlternative (0 ms)
[ RUN      ] FilterSubset.CorrectSpatialMeasureRealValue
[       OK ] FilterSubset.CorrectSpatialMeasureRealValue (1 ms)
[ RUN      ] FilterSubset.CorrectSpatialMeasures
[       OK ] FilterSubset.CorrectSpatialMeasures (0 ms)
[ RUN      ] FilterSubset.CorrectMultiple
[       OK ] FilterSubset.CorrectMultiple (1 ms)
[ RUN      ] FilterSubset.CorrectMultipleComplex
[       OK ] FilterSubset.CorrectMultipleComplex (0 ms)
[ RUN      ] FilterSubset.IncorrectInputMisspelledFilter
[       OK ] FilterSubset.IncorrectInputMisspelledFilter (1 ms)
[ RUN      ] FilterSubset.IncorrectInputBeforeStartBracket
[       OK ] FilterSubset.IncorrectInputBeforeStartBracket (0 ms)
[ RUN      ] FilterSubset.IncorrectInputAfterStartBracket
[       OK ] FilterSubset.IncorrectInputAfterStartBracket (1 ms)
[ RUN      ] FilterSubset.IncorrectInputMissingComma
[       OK ] FilterSubset.IncorrectInputMissingComma (0 ms)
[ RUN      ] FilterSubset.IncorrectInputBeforeEndBracket
[       OK ] FilterSubset.IncorrectInputBeforeEndBracket (1 ms)
[ RUN      ] FilterSubset.IncorrectInputAfterEndBracket
[       OK ] FilterSubset.IncorrectInputAfterEndBracket (0 ms)
[ RUN      ] FilterSubset.Correct
[       OK ] FilterSubset.Correct (1 ms)
[----------] 12 tests from FilterSubset (6 ms total)

[----------] 13 tests from FutureLogicProperty
[ RUN      ] FutureLogicProperty.WrongInputMissingStartTimepoint
[       OK ] FutureLogicProperty.WrongInputMissingStartTimepoint (0 ms)
[ RUN      ] FutureLogicProperty.WrongInputMissingEndTimepoint
[       OK ] FutureLogicProperty.WrongInputMissingEndTimepoint (0 ms)
[ RUN      ] FutureLogicProperty.WrongInputMissingTimepoints
[       OK ] FutureLogicProperty.WrongInputMissingTimepoints (1 ms)
[ RUN      ] FutureLogicProperty.WrongInputMissingTimepointsAndBrackets
[       OK ] FutureLogicProperty.WrongInputMissingTimepointsAndBrackets (0 ms)
[ RUN      ] FutureLogicProperty.WrongInputBeforeStartParanthesis
[       OK ] FutureLogicProperty.WrongInputBeforeStartParanthesis (1 ms)
[ RUN      ] FutureLogicProperty.WrongInputAfterStartParanthesis
[       OK ] FutureLogicProperty.WrongInputAfterStartParanthesis (0 ms)
[ RUN      ] FutureLogicProperty.MissingTimepointComma
[       OK ] FutureLogicProperty.MissingTimepointComma (1 ms)
[ RUN      ] FutureLogicProperty.InvalidStartTimepoint
[       OK ] FutureLogicProperty.InvalidStartTimepoint (0 ms)
[ RUN      ] FutureLogicProperty.InvalidEndTimepoint
[       OK ] FutureLogicProperty.InvalidEndTimepoint (1 ms)
[ RUN      ] FutureLogicProperty.InvalidTimepoints
[       OK ] FutureLogicProperty.InvalidTimepoints (0 ms)
[ RUN      ] FutureLogicProperty.WrongInputBeforeEndParanthesis
[       OK ] FutureLogicProperty.WrongInputBeforeEndParanthesis (1 ms)
[ RUN      ] FutureLogicProperty.WrongInputAfterEndParanthesis
[       OK ] FutureLogicProperty.WrongInputAfterEndParanthesis (0 ms)
[ RUN      ] FutureLogicProperty.Correct
[       OK ] FutureLogicProperty.Correct (0 ms)
[----------] 13 tests from FutureLogicProperty (5 ms total)

[----------] 13 tests from GlobalLogicProperty
[ RUN      ] GlobalLogicProperty.WrongInputMissingStartTimepoint
[       OK ] GlobalLogicProperty.WrongInputMissingStartTimepoint (1 ms)
[ RUN      ] GlobalLogicProperty.WrongInputMissingEndTimepoint
[       OK ] GlobalLogicProperty.WrongInputMissingEndTimepoint (0 ms)
[ RUN      ] GlobalLogicProperty.WrongInputMissingTimepoints
[       OK ] GlobalLogicProperty.WrongInputMissingTimepoints (1 ms)
[ RUN      ] GlobalLogicProperty.WrongInputMissingTimepointsAndBrackets
[       OK ] GlobalLogicProperty.WrongInputMissingTimepointsAndBrackets (0 ms)
[ RUN      ] GlobalLogicProperty.WrongInputBeforeStartParanthesis
[       OK ] GlobalLogicProperty.WrongInputBeforeStartParanthesis (1 ms)
[ RUN      ] GlobalLogicProperty.WrongInputAfterStartParanthesis
[       OK ] GlobalLogicProperty.WrongInputAfterStartParanthesis (0 ms)
[ RUN      ] GlobalLogicProperty.MissingTimepointComma
[       OK ] GlobalLogicProperty.MissingTimepointComma (1 ms)
[ RUN      ] GlobalLogicProperty.InvalidStartTimepoint
[       OK ] GlobalLogicProperty.InvalidStartTimepoint (0 ms)
[ RUN      ] GlobalLogicProperty.InvalidEndTimepoint
[       OK ] GlobalLogicProperty.InvalidEndTimepoint (1 ms)
[ RUN      ] GlobalLogicProperty.InvalidTimepoints
[       OK ] GlobalLogicProperty.InvalidTimepoints (0 ms)
[ RUN      ] GlobalLogicProperty.WrongInputBeforeEndParanthesis
[       OK ] GlobalLogicProperty.WrongInputBeforeEndParanthesis (0 ms)
[ RUN      ] GlobalLogicProperty.WrongInputAfterEndParanthesis
[       OK ] GlobalLogicProperty.WrongInputAfterEndParanthesis (1 ms)
[ RUN      ] GlobalLogicProperty.Correct
[       OK ] GlobalLogicProperty.Correct (0 ms)
[----------] 13 tests from GlobalLogicProperty (6 ms total)

[----------] 5 tests from HeterogeneousTimeseriesComponent
[ RUN      ] HeterogeneousTimeseriesComponent.WrongAlternativeSpike
[       OK ] HeterogeneousTimeseriesComponent.WrongAlternativeSpike (1 ms)
[ RUN      ] HeterogeneousTimeseriesComponent.WrongAlternativeSink
[       OK ] HeterogeneousTimeseriesComponent.WrongAlternativeSink (0 ms)
[ RUN      ] HeterogeneousTimeseriesComponent.WrongAlternativeTrough
[       OK ] HeterogeneousTimeseriesComponent.WrongAlternativeTrough (1 ms)
[ RUN      ] HeterogeneousTimeseriesComponent.CorrectPeak
[       OK ] HeterogeneousTimeseriesComponent.CorrectPeak (0 ms)
[ RUN      ] HeterogeneousTimeseriesComponent.CorrectValley
[       OK ] HeterogeneousTimeseriesComponent.CorrectValley (1 ms)
[----------] 5 tests from HeterogeneousTimeseriesComponent (3 ms total)

[----------] 17 tests from HomogeneousHomogeneousTimeseries
[ RUN      ] HomogeneousHomogeneousTimeseries.IncorrectInputBeforeHomogeneousTimeseriesMeasure
[       OK ] HomogeneousHomogeneousTimeseries.IncorrectInputBeforeHomogeneousTimeseriesMeasure (0 ms)
[ RUN      ] HomogeneousHomogeneousTimeseries.IncorrectInputWrongHomogeneousTimeseriesMeasure
[       OK ] HomogeneousHomogeneousTimeseries.IncorrectInputWrongHomogeneousTimeseriesMeasure (1 ms)
[ RUN      ] HomogeneousHomogeneousTimeseries.IncorrectInputBeforeStartParanthesis
[       OK ] HomogeneousHomogeneousTimeseries.IncorrectInputBeforeStartParanthesis (0 ms)
[ RUN      ] HomogeneousHomogeneousTimeseries.IncorrectInputAfterStartParanthesis
[       OK ] HomogeneousHomogeneousTimeseries.IncorrectInputAfterStartParanthesis (0 ms)
[ RUN      ] HomogeneousHomogeneousTimeseries.IncorrectInputInvalidFirstParameter
[       OK ] HomogeneousHomogeneousTimeseries.IncorrectInputInvalidFirstParameter (1 ms)
[ RUN      ] HomogeneousHomogeneousTimeseries.IncorrectInputMissingFirstParameter
[       OK ] HomogeneousHomogeneousTimeseries.IncorrectInputMissingFirstParameter (0 ms)
[ RUN      ] HomogeneousHomogeneousTimeseries.IncorrectInputMissingCommaBetweenParameters
[       OK ] HomogeneousHomogeneousTimeseries.IncorrectInputMissingCommaBetweenParameters (1 ms)
[ RUN      ] HomogeneousHomogeneousTimeseries.IncorrectInputMissingSecondParameter
[       OK ] HomogeneousHomogeneousTimeseries.IncorrectInputMissingSecondParameter (0 ms)
[ RUN      ] HomogeneousHomogeneousTimeseries.IncorrectInputInvalidSecondParameter
[       OK ] HomogeneousHomogeneousTimeseries.IncorrectInputInvalidSecondParameter (1 ms)
[ RUN      ] HomogeneousHomogeneousTimeseries.IncorrectInputBeforeEndParanthesis
[       OK ] HomogeneousHomogeneousTimeseries.IncorrectInputBeforeEndParanthesis (0 ms)
[ RUN      ] HomogeneousHomogeneousTimeseries.IncorrectInputAfterEndParanthesis
[       OK ] HomogeneousHomogeneousTimeseries.IncorrectInputAfterEndParanthesis (1 ms)
[ RUN      ] HomogeneousHomogeneousTimeseries.IncorrectInputMissingParantheses
[       OK ] HomogeneousHomogeneousTimeseries.IncorrectInputMissingParantheses (0 ms)
[ RUN      ] HomogeneousHomogeneousTimeseries.IncorrectInputInvertedParantheses
[       OK ] HomogeneousHomogeneousTimeseries.IncorrectInputInvertedParantheses (1 ms)
[ RUN      ] HomogeneousHomogeneousTimeseries.IncorrectInputDoubledParantheses
[       OK ] HomogeneousHomogeneousTimeseries.IncorrectInputDoubledParantheses (0 ms)
[ RUN      ] HomogeneousHomogeneousTimeseries.IncorrectInputWrongParanthesesType
[       OK ] HomogeneousHomogeneousTimeseries.IncorrectInputWrongParanthesesType (1 ms)
[ RUN      ] HomogeneousHomogeneousTimeseries.CorrectNumericStateVariables
[       OK ] HomogeneousHomogeneousTimeseries.CorrectNumericStateVariables (0 ms)
[ RUN      ] HomogeneousHomogeneousTimeseries.CorrectSpatialEntities
[       OK ] HomogeneousHomogeneousTimeseries.CorrectSpatialEntities (1 ms)
[----------] 17 tests from HomogeneousHomogeneousTimeseries (8 ms total)

[----------] 6 tests from HomogeneousTimeseriesComponent
[ RUN      ] HomogeneousTimeseriesComponent.IncorrectAlternativeHeterogeneousTimeseriesComponent
[       OK ] HomogeneousTimeseriesComponent.IncorrectAlternativeHeterogeneousTimeseriesComponent (0 ms)
[ RUN      ] HomogeneousTimeseriesComponent.CorrectAscent
[       OK ] HomogeneousTimeseriesComponent.CorrectAscent (1 ms)
[ RUN      ] HomogeneousTimeseriesComponent.CorrectDescent
[       OK ] HomogeneousTimeseriesComponent.CorrectDescent (0 ms)
[ RUN      ] HomogeneousTimeseriesComponent.CorrectPlateau
[       OK ] HomogeneousTimeseriesComponent.CorrectPlateau (0 ms)
[ RUN      ] HomogeneousTimeseriesComponent.CorrectUniformAscent
[       OK ] HomogeneousTimeseriesComponent.CorrectUniformAscent (1 ms)
[ RUN      ] HomogeneousTimeseriesComponent.CorrectUniformDescent
[       OK ] HomogeneousTimeseriesComponent.CorrectUniformDescent (0 ms)
[----------] 6 tests from HomogeneousTimeseriesComponent (2 ms total)

[----------] 3 tests from HomogeneousTimeseriesMeasure
[ RUN      ] HomogeneousTimeseriesMeasure.IncorrectAlternativeTimeseriesMeasure
[       OK ] HomogeneousTimeseriesMeasure.IncorrectAlternativeTimeseriesMeasure (1 ms)
[ RUN      ] HomogeneousTimeseriesMeasure.CorrectTimeSpan
[       OK ] HomogeneousTimeseriesMeasure.CorrectTimeSpan (0 ms)
[ RUN      ] HomogeneousTimeseriesMeasure.CorrectValue
[       OK ] HomogeneousTimeseriesMeasure.CorrectValue (0 ms)
[----------] 3 tests from HomogeneousTimeseriesMeasure (1 ms total)

[----------] 10 tests from LogicPropertyEnclosedByParentheses
[ RUN      ] LogicPropertyEnclosedByParentheses.MissingParenthesisRight
[       OK ] LogicPropertyEnclosedByParentheses.MissingParenthesisRight (1 ms)
[ RUN      ] LogicPropertyEnclosedByParentheses.MissingParenthesisLeft
[       OK ] LogicPropertyEnclosedByParentheses.MissingParenthesisLeft (0 ms)
[ RUN      ] LogicPropertyEnclosedByParentheses.ExtraParenthesisLeft
[       OK ] LogicPropertyEnclosedByParentheses.ExtraParenthesisLeft (1 ms)
[ RUN      ] LogicPropertyEnclosedByParentheses.ExtraParenthesisRight
[       OK ] LogicPropertyEnclosedByParentheses.ExtraParenthesisRight (0 ms)
[ RUN      ] LogicPropertyEnclosedByParentheses.InvertedParentheses
[       OK ] LogicPropertyEnclosedByParentheses.InvertedParentheses (1 ms)
[ RUN      ] LogicPropertyEnclosedByParentheses.ExtraParenthesesBothSides
[       OK ] LogicPropertyEnclosedByParentheses.ExtraParenthesesBothSides (0 ms)
[ RUN      ] LogicPropertyEnclosedByParentheses.ParenthesesInWrongOrder
[       OK ] LogicPropertyEnclosedByParentheses.ParenthesesInWrongOrder (1 ms)
[ RUN      ] LogicPropertyEnclosedByParentheses.Correct
[       OK ] LogicPropertyEnclosedByParentheses.Correct (0 ms)
[ RUN      ] LogicPropertyEnclosedByParentheses.CorrectDoubled
[       OK ] LogicPropertyEnclosedByParentheses.CorrectDoubled (0 ms)
[ RUN      ] LogicPropertyEnclosedByParentheses.CorrectQuadrupled
[       OK ] LogicPropertyEnclosedByParentheses.CorrectQuadrupled (1 ms)
[----------] 10 tests from LogicPropertyEnclosedByParentheses (5 ms total)

[----------] 4 tests from LogicProperty
[ RUN      ] LogicProperty.ExtraInputBeforeLogicProperty
[       OK ] LogicProperty.ExtraInputBeforeLogicProperty (0 ms)
[ RUN      ] LogicProperty.ExtraInputInsideLogicProperty
[       OK ] LogicProperty.ExtraInputInsideLogicProperty (1 ms)
[ RUN      ] LogicProperty.ExtraInputAfterLogicProperty
[       OK ] LogicProperty.ExtraInputAfterLogicProperty (0 ms)
[ RUN      ] LogicProperty.Correct
[       OK ] LogicProperty.Correct (0 ms)
[----------] 4 tests from LogicProperty (1 ms total)

[----------] 2 tests from MultipleLogicProperties
[ RUN      ] MultipleLogicProperties.Correct1
[       OK ] MultipleLogicProperties.Correct1 (1 ms)
[ RUN      ] MultipleLogicProperties.Correct2
[       OK ] MultipleLogicProperties.Correct2 (0 ms)
[----------] 2 tests from MultipleLogicProperties (2 ms total)

[----------] 6 tests from NextKLogicProperty
[ RUN      ] NextKLogicProperty.IncorrectInputMissingTimepoint
[       OK ] NextKLogicProperty.IncorrectInputMissingTimepoint (0 ms)
[ RUN      ] NextKLogicProperty.IncorrectInputAfterNextSymbol
[       OK ] NextKLogicProperty.IncorrectInputAfterNextSymbol (0 ms)
[ RUN      ] NextKLogicProperty.IncorrectValueForNextTimepoints
[       OK ] NextKLogicProperty.IncorrectValueForNextTimepoints (1 ms)
[ RUN      ] NextKLogicProperty.RealValueForNextTimepoints
[       OK ] NextKLogicProperty.RealValueForNextTimepoints (0 ms)
[ RUN      ] NextKLogicProperty.IncorrectInputBeforeLogicProperty
[       OK ] NextKLogicProperty.IncorrectInputBeforeLogicProperty (1 ms)
[ RUN      ] NextKLogicProperty.Correct
[       OK ] NextKLogicProperty.Correct (0 ms)
[----------] 6 tests from NextKLogicProperty (2 ms total)

[----------] 3 tests from NextLogicProperty
[ RUN      ] NextLogicProperty.IncorrectNextSymbol
[       OK ] NextLogicProperty.IncorrectNextSymbol (1 ms)
[ RUN      ] NextLogicProperty.IncorrectInputAfterNextSymbol
[       OK ] NextLogicProperty.IncorrectInputAfterNextSymbol (0 ms)
[ RUN      ] NextLogicProperty.Correct
[       OK ] NextLogicProperty.Correct (1 ms)
[----------] 3 tests from NextLogicProperty (2 ms total)

[----------] 5 tests from NotConstraint
[ RUN      ] NotConstraint.IncorrectOperator
[       OK ] NotConstraint.IncorrectOperator (0 ms)
[ RUN      ] NotConstraint.OperatorAfterConstraint
[       OK ] NotConstraint.OperatorAfterConstraint (1 ms)
[ RUN      ] NotConstraint.OperatorAfterConstraintAndExtraConstraint
[       OK ] NotConstraint.OperatorAfterConstraintAndExtraConstraint (0 ms)
[ RUN      ] NotConstraint.OperatorBeforeConstraintAndExtraConstraint
[       OK ] NotConstraint.OperatorBeforeConstraintAndExtraConstraint (1 ms)
[ RUN      ] NotConstraint.Correct
[       OK ] NotConstraint.Correct (0 ms)
[----------] 5 tests from NotConstraint (2 ms total)

[----------] 4 tests from NotLogicProperty
[ RUN      ] NotLogicProperty.OperatorAfterLogicProperty
[       OK ] NotLogicProperty.OperatorAfterLogicProperty (0 ms)
[ RUN      ] NotLogicProperty.OperatorAfterLogicPropertyAndExtraLogicProperty
[       OK ] NotLogicProperty.OperatorAfterLogicPropertyAndExtraLogicProperty (1 ms)
[ RUN      ] NotLogicProperty.OperatorBeforeLogicPropertyAndExtraLogicProperty
[       OK ] NotLogicProperty.OperatorBeforeLogicPropertyAndExtraLogicProperty (0 ms)
[ RUN      ] NotLogicProperty.Correct
[       OK ] NotLogicProperty.Correct (1 ms)
[----------] 4 tests from NotLogicProperty (2 ms total)

[----------] 2 tests from NumericMeasure
[ RUN      ] NumericMeasure.WrongAlternative
[       OK ] NumericMeasure.WrongAlternative (0 ms)
[ RUN      ] NumericMeasure.Correct
[       OK ] NumericMeasure.Correct (1 ms)
[----------] 2 tests from NumericMeasure (1 ms total)

[----------] 2 tests from NumericMeasureCollection
[ RUN      ] NumericMeasureCollection.WrongAlternative
[       OK ] NumericMeasureCollection.WrongAlternative (0 ms)
[ RUN      ] NumericMeasureCollection.Correct
[       OK ] NumericMeasureCollection.Correct (1 ms)
[----------] 2 tests from NumericMeasureCollection (1 ms total)

[----------] 2 tests from NumericSpatialMeasure
[ RUN      ] NumericSpatialMeasure.IncorrectAlternative
[       OK ] NumericSpatialMeasure.IncorrectAlternative (0 ms)
[ RUN      ] NumericSpatialMeasure.Correct
[       OK ] NumericSpatialMeasure.Correct (0 ms)
[----------] 2 tests from NumericSpatialMeasure (0 ms total)

[----------] 35 tests from NumericStateVariable
[ RUN      ] NumericStateVariable.MissingLeftCurlyBrace
[       OK ] NumericStateVariable.MissingLeftCurlyBrace (1 ms)
[ RUN      ] NumericStateVariable.MissingRightCurlyBrace
[       OK ] NumericStateVariable.MissingRightCurlyBrace (0 ms)
[ RUN      ] NumericStateVariable.ExtraLeftCurlyBrace
[       OK ] NumericStateVariable.ExtraLeftCurlyBrace (1 ms)
[ RUN      ] NumericStateVariable.ExtraRightCurlyBrace
[       OK ] NumericStateVariable.ExtraRightCurlyBrace (0 ms)
[ RUN      ] NumericStateVariable.InvertedCurlyBraces
[       OK ] NumericStateVariable.InvertedCurlyBraces (1 ms)
[ RUN      ] NumericStateVariable.DoubleCurlyBraces
[       OK ] NumericStateVariable.DoubleCurlyBraces (0 ms)
[ RUN      ] NumericStateVariable.TripleCurlyBraces
[       OK ] NumericStateVariable.TripleCurlyBraces (1 ms)
[ RUN      ] NumericStateVariable.IncorrectSquareBrackets
[       OK ] NumericStateVariable.IncorrectSquareBrackets (0 ms)
[ RUN      ] NumericStateVariable.IncorrectRoundBrackets
[       OK ] NumericStateVariable.IncorrectRoundBrackets (0 ms)
[ RUN      ] NumericStateVariable.MissingLeftParanthesisForScaleAndSubsystemConstraint
[       OK ] NumericStateVariable.MissingLeftParanthesisForScaleAndSubsystemConstraint (1 ms)
[ RUN      ] NumericStateVariable.MissingRightParanthesisForScaleAndSubsystemConstraint
[       OK ] NumericStateVariable.MissingRightParanthesisForScaleAndSubsystemConstraint (0 ms)
[ RUN      ] NumericStateVariable.MissingBothParanthesesForScaleAndSubsystemConstraint
[       OK ] NumericStateVariable.MissingBothParanthesesForScaleAndSubsystemConstraint (1 ms)
[ RUN      ] NumericStateVariable.MissingScaleAndSubsystemKeywordForScaleAndSubsystemConstraint
[       OK ] NumericStateVariable.MissingScaleAndSubsystemKeywordForScaleAndSubsystemConstraint (0 ms)
[ RUN      ] NumericStateVariable.MissingEqualComparatorForScaleAndSubsystemConstraint
[       OK ] NumericStateVariable.MissingEqualComparatorForScaleAndSubsystemConstraint (1 ms)
[ RUN      ] NumericStateVariable.MissingScaleAndSubsystemValueForScaleAndSubsystemConstraint
[       OK ] NumericStateVariable.MissingScaleAndSubsystemValueForScaleAndSubsystemConstraint (0 ms)
[ RUN      ] NumericStateVariable.MissingScaleAndSubsystemKeywordAndEqualComparatorForScaleAndSubsystemConstraint
[       OK ] NumericStateVariable.MissingScaleAndSubsystemKeywordAndEqualComparatorForScaleAndSubsystemConstraint (1 ms)
[ RUN      ] NumericStateVariable.MissingAllForScaleAndSubsystemConstraint
[       OK ] NumericStateVariable.MissingAllForScaleAndSubsystemConstraint (0 ms)
[ RUN      ] NumericStateVariable.IncorrectLeftParanthesisForScaleAndSubsystemConstraint
[       OK ] NumericStateVariable.IncorrectLeftParanthesisForScaleAndSubsystemConstraint (1 ms)
[ RUN      ] NumericStateVariable.IncorrectRightParanthesisForScaleAndSubsystemConstraint
[       OK ] NumericStateVariable.IncorrectRightParanthesisForScaleAndSubsystemConstraint (0 ms)
[ RUN      ] NumericStateVariable.IncorrectParanthesesForScaleAndSubsystemConstraint
[       OK ] NumericStateVariable.IncorrectParanthesesForScaleAndSubsystemConstraint (1 ms)
[ RUN      ] NumericStateVariable.IncorrectScaleAndSubsystemSpecifierForScaleAndSubsystemConstraint
[       OK ] NumericStateVariable.IncorrectScaleAndSubsystemSpecifierForScaleAndSubsystemConstraint (0 ms)
[ RUN      ] NumericStateVariable.IncorrectScaleAndSubsystemSpecifierForScaleAndSubsystemConstraint2
[       OK ] NumericStateVariable.IncorrectScaleAndSubsystemSpecifierForScaleAndSubsystemConstraint2 (1 ms)
[ RUN      ] NumericStateVariable.IncorrectComparatorForScaleAndSubsystemConstraint
[       OK ] NumericStateVariable.IncorrectComparatorForScaleAndSubsystemConstraint (0 ms)
[ RUN      ] NumericStateVariable.IncorrectScaleAndSubsystemInvalidCharacterForScaleAndSubsystemConstraint
[       OK ] NumericStateVariable.IncorrectScaleAndSubsystemInvalidCharacterForScaleAndSubsystemConstraint (0 ms)
[ RUN      ] NumericStateVariable.IncorrectScaleAndSubsystemMissingValueBeforeDotForScaleAndSubsystemConstraint
[       OK ] NumericStateVariable.IncorrectScaleAndSubsystemMissingValueBeforeDotForScaleAndSubsystemConstraint (1 ms)
[ RUN      ] NumericStateVariable.IncorrectScaleAndSubsystemMissingValueAfterDotForScaleAndSubsystemConstraint
[       OK ] NumericStateVariable.IncorrectScaleAndSubsystemMissingValueAfterDotForScaleAndSubsystemConstraint (0 ms)
[ RUN      ] NumericStateVariable.IncorrectScaleAndSubsystemMissingValueBetweenDotsForScaleAndSubsystemConstraint
[       OK ] NumericStateVariable.IncorrectScaleAndSubsystemMissingValueBetweenDotsForScaleAndSubsystemConstraint (1 ms)
[ RUN      ] NumericStateVariable.MissingNumericStateVariableName
[       OK ] NumericStateVariable.MissingNumericStateVariableName (0 ms)
[ RUN      ] NumericStateVariable.MissingNumericStateVariableNameAndBraces
[       OK ] NumericStateVariable.MissingNumericStateVariableNameAndBraces (1 ms)
[ RUN      ] NumericStateVariable.CorrectNumericStateVariableSimple1
[       OK ] NumericStateVariable.CorrectNumericStateVariableSimple1 (0 ms)
[ RUN      ] NumericStateVariable.CorrectNumericStateVariableSimple2
[       OK ] NumericStateVariable.CorrectNumericStateVariableSimple2 (1 ms)
[ RUN      ] NumericStateVariable.CorrectNumericStateVariableSimple3
[       OK ] NumericStateVariable.CorrectNumericStateVariableSimple3 (0 ms)
[ RUN      ] NumericStateVariable.CorrectNumericStateVariableWithScaleAndSubsystemConstraint4
[       OK ] NumericStateVariable.CorrectNumericStateVariableWithScaleAndSubsystemConstraint4 (0 ms)
[ RUN      ] NumericStateVariable.CorrectNumericStateVariableWithScaleAndSubsystemConstraint5
[       OK ] NumericStateVariable.CorrectNumericStateVariableWithScaleAndSubsystemConstraint5 (1 ms)
[ RUN      ] NumericStateVariable.CorrectNumericStateVariableWithScaleAndSubsystemConstraint6
[       OK ] NumericStateVariable.CorrectNumericStateVariableWithScaleAndSubsystemConstraint6 (0 ms)
[----------] 35 tests from NumericStateVariable (16 ms total)

[----------] 2 tests from NumericStatisticalMeasure
[ RUN      ] NumericStatisticalMeasure.IncorrectAlternative
[       OK ] NumericStatisticalMeasure.IncorrectAlternative (1 ms)
[ RUN      ] NumericStatisticalMeasure.Correct
[       OK ] NumericStatisticalMeasure.Correct (0 ms)
[----------] 2 tests from NumericStatisticalMeasure (1 ms total)

[----------] 10 tests from PrimarySpatialMeasureCollection
[ RUN      ] PrimarySpatialMeasureCollection.IncorrectInputBeforeSpatialMeasure
[       OK ] PrimarySpatialMeasureCollection.IncorrectInputBeforeSpatialMeasure (0 ms)
[ RUN      ] PrimarySpatialMeasureCollection.IncorrectSpatialMeasure
[       OK ] PrimarySpatialMeasureCollection.IncorrectSpatialMeasure (1 ms)
[ RUN      ] PrimarySpatialMeasureCollection.IncorrectInputAfterSpatialMeasure
[       OK ] PrimarySpatialMeasureCollection.IncorrectInputAfterSpatialMeasure (0 ms)
[ RUN      ] PrimarySpatialMeasureCollection.IncorrectInputMissingFirstParanthesis
[       OK ] PrimarySpatialMeasureCollection.IncorrectInputMissingFirstParanthesis (1 ms)
[ RUN      ] PrimarySpatialMeasureCollection.IncorrectInputMissingSecondParanthesis
[       OK ] PrimarySpatialMeasureCollection.IncorrectInputMissingSecondParanthesis (0 ms)
[ RUN      ] PrimarySpatialMeasureCollection.IncorrectInputInvalidSubset
[       OK ] PrimarySpatialMeasureCollection.IncorrectInputInvalidSubset (1 ms)
[ RUN      ] PrimarySpatialMeasureCollection.IncorrectInputMissingSubset
[       OK ] PrimarySpatialMeasureCollection.IncorrectInputMissingSubset (0 ms)
[ RUN      ] PrimarySpatialMeasureCollection.IncorrectInputMissingSubsetAndParantheses
[       OK ] PrimarySpatialMeasureCollection.IncorrectInputMissingSubsetAndParantheses (1 ms)
[ RUN      ] PrimarySpatialMeasureCollection.IncorrectInputMissingAll
[       OK ] PrimarySpatialMeasureCollection.IncorrectInputMissingAll (0 ms)
[ RUN      ] PrimarySpatialMeasureCollection.Correct
[       OK ] PrimarySpatialMeasureCollection.Correct (1 ms)
[----------] 10 tests from PrimarySpatialMeasureCollection (5 ms total)

[----------] 22 tests from ProbabilisticLogicProperty
[ RUN      ] ProbabilisticLogicProperty.IncorrectProbabilitySymbol
[       OK ] ProbabilisticLogicProperty.IncorrectProbabilitySymbol (0 ms)
[ RUN      ] ProbabilisticLogicProperty.IncorrectProbabilitySymbol2
[       OK ] ProbabilisticLogicProperty.IncorrectProbabilitySymbol2 (1 ms)
[ RUN      ] ProbabilisticLogicProperty.IncorrectComparator
[       OK ] ProbabilisticLogicProperty.IncorrectComparator (0 ms)
[ RUN      ] ProbabilisticLogicProperty.IncorrectEqualComparator
[       OK ] ProbabilisticLogicProperty.IncorrectEqualComparator (1 ms)
[ RUN      ] ProbabilisticLogicProperty.InvalidProbabilityValueTooLow
[       OK ] ProbabilisticLogicProperty.InvalidProbabilityValueTooLow (0 ms)
[ RUN      ] ProbabilisticLogicProperty.InvalidProbabilityValueTooLowMinor
[       OK ] ProbabilisticLogicProperty.InvalidProbabilityValueTooLowMinor (0 ms)
[ RUN      ] ProbabilisticLogicProperty.InvalidProbabilityValueTooHigh
[       OK ] ProbabilisticLogicProperty.InvalidProbabilityValueTooHigh (1 ms)
[ RUN      ] ProbabilisticLogicProperty.InvalidProbabilityValueTooHighMinor
[       OK ] ProbabilisticLogicProperty.InvalidProbabilityValueTooHighMinor (0 ms)
[ RUN      ] ProbabilisticLogicProperty.IncorrectLogicProperty
[       OK ] ProbabilisticLogicProperty.IncorrectLogicProperty (1 ms)
[ RUN      ] ProbabilisticLogicProperty.IncorrectlyEnclosingParanthesesLeftMissing
[       OK ] ProbabilisticLogicProperty.IncorrectlyEnclosingParanthesesLeftMissing (0 ms)
[ RUN      ] ProbabilisticLogicProperty.IncorrectlyEnclosingParanthesesRightMissing
[       OK ] ProbabilisticLogicProperty.IncorrectlyEnclosingParanthesesRightMissing (1 ms)
[ RUN      ] ProbabilisticLogicProperty.IncorrectlyEnclosingParanthesesLeftExtra
[       OK ] ProbabilisticLogicProperty.IncorrectlyEnclosingParanthesesLeftExtra (0 ms)
[ RUN      ] ProbabilisticLogicProperty.IncorrectlyEnclosingParanthesesRightExtra
[       OK ] ProbabilisticLogicProperty.IncorrectlyEnclosingParanthesesRightExtra (0 ms)
[ RUN      ] ProbabilisticLogicProperty.IncorrectlyEnclosingParanthesesLeftRightExtra
[       OK ] ProbabilisticLogicProperty.IncorrectlyEnclosingParanthesesLeftRightExtra (1 ms)
[ RUN      ] ProbabilisticLogicProperty.IncorrectlyEnclosingParanthesesInverted
[       OK ] ProbabilisticLogicProperty.IncorrectlyEnclosingParanthesesInverted (0 ms)
[ RUN      ] ProbabilisticLogicProperty.IncorrectlyEnclosingParanthesesClosing
[       OK ] ProbabilisticLogicProperty.IncorrectlyEnclosingParanthesesClosing (1 ms)
[ RUN      ] ProbabilisticLogicProperty.IncorrectlyEnclosingParantheses
[       OK ] ProbabilisticLogicProperty.IncorrectlyEnclosingParantheses (0 ms)
[ RUN      ] ProbabilisticLogicProperty.Correct
[       OK ] ProbabilisticLogicProperty.Correct (1 ms)
[ RUN      ] ProbabilisticLogicProperty.ProbabilityMin
[       OK ] ProbabilisticLogicProperty.ProbabilityMin (0 ms)
[ RUN      ] ProbabilisticLogicProperty.ProbabilityMax
[       OK ] ProbabilisticLogicProperty.ProbabilityMax (0 ms)
[ RUN      ] ProbabilisticLogicProperty.ProbabilityLow
[       OK ] ProbabilisticLogicProperty.ProbabilityLow (1 ms)
[ RUN      ] ProbabilisticLogicProperty.ProbabilityHigh
[       OK ] ProbabilisticLogicProperty.ProbabilityHigh (0 ms)
[----------] 22 tests from ProbabilisticLogicProperty (9 ms total)

[----------] 9 tests from ScaleAndSubsystem
[ RUN      ] ScaleAndSubsystem.IncorrectScaleAndSubsystemInvalidCharacter
[       OK ] ScaleAndSubsystem.IncorrectScaleAndSubsystemInvalidCharacter (1 ms)
[ RUN      ] ScaleAndSubsystem.IncorrectScaleAndSubsystemMissingValuesAfterAndBeforeDot
[       OK ] ScaleAndSubsystem.IncorrectScaleAndSubsystemMissingValuesAfterAndBeforeDot (0 ms)
[ RUN      ] ScaleAndSubsystem.IncorrectScaleAndSubsystemMissingValueBeforeDot
[       OK ] ScaleAndSubsystem.IncorrectScaleAndSubsystemMissingValueBeforeDot (1 ms)
[ RUN      ] ScaleAndSubsystem.IncorrectScaleAndSubsystemMissingValueAfterDot
[       OK ] ScaleAndSubsystem.IncorrectScaleAndSubsystemMissingValueAfterDot (0 ms)
[ RUN      ] ScaleAndSubsystem.IncorrectScaleAndSubsystemCommaInsteadOfDot
[       OK ] ScaleAndSubsystem.IncorrectScaleAndSubsystemCommaInsteadOfDot (1 ms)
[ RUN      ] ScaleAndSubsystem.IncorrectScaleAndSubsystemManyDots
[...]
[       OK ] SpatialEntitiesTraceTest.GlobalConstantValueNumericStateVariable (1 ms)
[ RUN      ] SpatialEntitiesTraceTest.GlobalConstantValueUnaryNumeric
[       OK ] SpatialEntitiesTraceTest.GlobalConstantValueUnaryNumeric (0 ms)
[ RUN      ] SpatialEntitiesTraceTest.GlobalConstantValueBinaryNumeric
[       OK ] SpatialEntitiesTraceTest.GlobalConstantValueBinaryNumeric (1 ms)
[ RUN      ] SpatialEntitiesTraceTest.GlobalConstantValueUnaryStatisticalNumeric
[       OK ] SpatialEntitiesTraceTest.GlobalConstantValueUnaryStatisticalNumeric (0 ms)
[ RUN      ] SpatialEntitiesTraceTest.GlobalConstantValueBinaryStatisticalNumeric
[ WARNING  ] You provided less than the minimum required number of values to the Numeric::covariance(...) function. The default value "0" was returned.
[ WARNING  ] You provided less than the minimum required number of values to the Numeric::covariance(...) function. The default value "0" was returned.
[ WARNING  ] You provided less than the minimum required number of values to the Numeric::covariance(...) function. The default value "0" was returned.
[ WARNING  ] You provided less than the minimum required number of values to the Numeric::covariance(...) function. The default value "0" was returned.
[ WARNING  ] You provided less than the minimum required number of values to the Numeric::covariance(...) function. The default value "0" was returned.
[ WARNING  ] You provided less than the minimum required number of values to the Numeric::covariance(...) function. The default value "0" was returned.
[ WARNING  ] You provided less than the minimum required number of values to the Numeric::covariance(...) function. The default value "0" was returned.
[ WARNING  ] You provided less than the minimum required number of values to the Numeric::covariance(...) function. The default value "0" was returned.
[ WARNING  ] You provided less than the minimum required number of values to the Numeric::covariance(...) function. The default value "0" was returned.
[ WARNING  ] You provided less than the minimum required number of values to the Numeric::covariance(...) function. The default value "0" was returned.
[ WARNING  ] You provided less than the minimum required number of values to the Numeric::covariance(...) function. The default value "0" was returned.
[ WARNING  ] You provided less than the minimum required number of values to the Numeric::covariance(...) function. The default value "0" was returned.
[ WARNING  ] You provided less than the minimum required number of values to the Numeric::covariance(...) function. The default value "0" was returned.
[ WARNING  ] You provided less than the minimum required number of values to the Numeric::covariance(...) function. The default value "0" was returned.
[ WARNING  ] You provided less than the minimum required number of values to the Numeric::covariance(...) function. The default value "0" was returned.
[ WARNING  ] You provided less than the minimum required number of values to the Numeric::covariance(...) function. The default value "0" was returned.
[ WARNING  ] You provided less than the minimum required number of values to the Numeric::covariance(...) function. The default value "0" was returned.
[ WARNING  ] You provided less than the minimum required number of values to the Numeric::covariance(...) function. The default value "0" was returned.
[ WARNING  ] You provided less than the minimum required number of values to the Numeric::covariance(...) function. The default value "0" was returned.
[ WARNING  ] You provided less than the minimum required number of values to the Numeric::covariance(...) function. The default value "0" was returned.
[ WARNING  ] You provided less than the minimum required number of values to the Numeric::covariance(...) function. The default value "0" was returned.
[ WARNING  ] You provided less than the minimum required number of values to the Numeric::covariance(...) function. The default value "0" was returned.
[       OK ] SpatialEntitiesTraceTest.GlobalConstantValueBinaryStatisticalNumeric (1 ms)
[ RUN      ] SpatialEntitiesTraceTest.GlobalConstantValueBinaryStatisticalQuantileNumeric
[       OK ] SpatialEntitiesTraceTest.GlobalConstantValueBinaryStatisticalQuantileNumeric (0 ms)
[ RUN      ] SpatialEntitiesTraceTest.FutureIncreasingValueReal
[       OK ] SpatialEntitiesTraceTest.FutureIncreasingValueReal (1 ms)
[ RUN      ] SpatialEntitiesTraceTest.FutureIncreasingValueNumericStateVariable
[ WARNING  ] The numeric state variable with the given id (A, ) does not exist. The enclosing logic property was evaluated to the default value "false".
[ WARNING  ] The numeric state variable with the given id (A, ) does not exist. The enclosing logic property was evaluated to the default value "false".
[ WARNING  ] The numeric state variable with the given id (A, ) does not exist. The enclosing logic property was evaluated to the default value "false".
[ WARNING  ] The numeric state variable with the given id (A, ) does not exist. The enclosing logic property was evaluated to the default value "false".
[ WARNING  ] The numeric state variable with the given id (A, ) does not exist. The enclosing logic property was evaluated to the default value "false".
[ WARNING  ] The numeric state variable with the given id (A, ) does not exist. The enclosing logic property was evaluated to the default value "false".
[ WARNING  ] The numeric state variable with the given id (A, ) does not exist. The enclosing logic property was evaluated to the default value "false".
[ WARNING  ] The numeric state variable with the given id (A, ) does not exist. The enclosing logic property was evaluated to the default value "false".
[ WARNING  ] The numeric state variable with the given id (A, ) does not exist. The enclosing logic property was evaluated to the default value "false".
[ WARNING  ] The numeric state variable with the given id (A, ) does not exist. The enclosing logic property was evaluated to the default value "false".
[ WARNING  ] The numeric state variable with the given id (A, ) does not exist. The enclosing logic property was evaluated to the default value "false".
[       OK ] SpatialEntitiesTraceTest.FutureIncreasingValueNumericStateVariable (0 ms)
[ RUN      ] SpatialEntitiesTraceTest.FutureIncreasingValueUnaryNumeric
[       OK ] SpatialEntitiesTraceTest.FutureIncreasingValueUnaryNumeric (1 ms)
[ RUN      ] SpatialEntitiesTraceTest.FutureIncreasingValueBinaryNumeric
[       OK ] SpatialEntitiesTraceTest.FutureIncreasingValueBinaryNumeric (0 ms)
[ RUN      ] SpatialEntitiesTraceTest.FutureIncreasingValueUnaryStatisticalNumeric
[       OK ] SpatialEntitiesTraceTest.FutureIncreasingValueUnaryStatisticalNumeric (1 ms)
[ RUN      ] SpatialEntitiesTraceTest.FutureIncreasingValueBinaryStatisticalNumeric
[ WARNING  ] You provided less than the minimum required number of values to the Numeric::covariance(...) function. The default value "0" was returned.
[       OK ] SpatialEntitiesTraceTest.FutureIncreasingValueBinaryStatisticalNumeric (0 ms)
[ RUN      ] SpatialEntitiesTraceTest.FutureIncreasingValueBinaryStatisticalQuantileNumeric
[       OK ] SpatialEntitiesTraceTest.FutureIncreasingValueBinaryStatisticalQuantileNumeric (1 ms)
[ RUN      ] SpatialEntitiesTraceTest.GlobalDecreasingValueReal
[       OK ] SpatialEntitiesTraceTest.GlobalDecreasingValueReal (0 ms)
[ RUN      ] SpatialEntitiesTraceTest.GlobalDecreasingValueNumericStateVariable
[ WARNING  ] The numeric state variable with the given id (A, ) does not exist. The enclosing logic property was evaluated to the default value "false".
[       OK ] SpatialEntitiesTraceTest.GlobalDecreasingValueNumericStateVariable (1 ms)
[ RUN      ] SpatialEntitiesTraceTest.GlobalDecreasingValueUnaryNumeric
[ WARNING  ] The numeric state variable with the given id (A, ) does not exist. The enclosing logic property was evaluated to the default value "false".
[       OK ] SpatialEntitiesTraceTest.GlobalDecreasingValueUnaryNumeric (1 ms)
[ RUN      ] SpatialEntitiesTraceTest.GlobalDecreasingValueBinaryNumeric
[ WARNING  ] The numeric state variable with the given id (A, ) does not exist. The enclosing logic property was evaluated to the default value "false".
[       OK ] SpatialEntitiesTraceTest.GlobalDecreasingValueBinaryNumeric (0 ms)
[ RUN      ] SpatialEntitiesTraceTest.GlobalDecreasingValueUnaryStatisticalNumeric
[       OK ] SpatialEntitiesTraceTest.GlobalDecreasingValueUnaryStatisticalNumeric (1 ms)
[ RUN      ] SpatialEntitiesTraceTest.GlobalDecreasingValueBinaryStatisticalNumeric
[ WARNING  ] You provided less than the minimum required number of values to the Numeric::covariance(...) function. The default value "0" was returned.
[       OK ] SpatialEntitiesTraceTest.GlobalDecreasingValueBinaryStatisticalNumeric (0 ms)
[ RUN      ] SpatialEntitiesTraceTest.GlobalDecreasingValueBinaryStatisticalQuantileNumeric
[       OK ] SpatialEntitiesTraceTest.GlobalDecreasingValueBinaryStatisticalQuantileNumeric (1 ms)
[ RUN      ] SpatialEntitiesTraceTest.IncreasingUntilDecreasingValueReal
[       OK ] SpatialEntitiesTraceTest.IncreasingUntilDecreasingValueReal (0 ms)
[ RUN      ] SpatialEntitiesTraceTest.IncreasingUntilDecreasingValueNumericStateVariable
[ WARNING  ] The numeric state variable with the given id (A, ) does not exist. The enclosing logic property was evaluated to the default value "false".
[ WARNING  ] The numeric state variable with the given id (A, ) does not exist. The enclosing logic property was evaluated to the default value "false".
[ WARNING  ] The numeric state variable with the given id (A, ) does not exist. The enclosing logic property was evaluated to the default value "false".
[       OK ] SpatialEntitiesTraceTest.IncreasingUntilDecreasingValueNumericStateVariable (1 ms)
[ RUN      ] SpatialEntitiesTraceTest.IncreasingUntilDecreasingValueNumericStateVariable2
[ WARNING  ] The numeric state variable with the given id (A, ) does not exist. The enclosing logic property was evaluated to the default value "false".
[ WARNING  ] The numeric state variable with the given id (A, ) does not exist. The enclosing logic property was evaluated to the default value "false".
[       OK ] SpatialEntitiesTraceTest.IncreasingUntilDecreasingValueNumericStateVariable2 (0 ms)
[ RUN      ] SpatialEntitiesTraceTest.IncreasingUntilDecreasingValueUnaryNumeric
[       OK ] SpatialEntitiesTraceTest.IncreasingUntilDecreasingValueUnaryNumeric (1 ms)
[ RUN      ] SpatialEntitiesTraceTest.IncreasingUntilDecreasingValueBinaryNumeric
[       OK ] SpatialEntitiesTraceTest.IncreasingUntilDecreasingValueBinaryNumeric (0 ms)
[ RUN      ] SpatialEntitiesTraceTest.IncreasingUntilDecreasingValueUnaryStatisticalNumeric
[       OK ] SpatialEntitiesTraceTest.IncreasingUntilDecreasingValueUnaryStatisticalNumeric (1 ms)
[ RUN      ] SpatialEntitiesTraceTest.IncreasingUntilDecreasingValueBinaryStatisticalNumeric
[ WARNING  ] You provided less than the minimum required number of values to the Numeric::covariance(...) function. The default value "0" was returned.
[ WARNING  ] You provided less than the minimum required number of values to the Numeric::covariance(...) function. The default value "0" was returned.
[       OK ] SpatialEntitiesTraceTest.IncreasingUntilDecreasingValueBinaryStatisticalNumeric (0 ms)
[ RUN      ] SpatialEntitiesTraceTest.IncreasingUntilDecreasingValueBinaryStatisticalQuantileNumeric
[       OK ] SpatialEntitiesTraceTest.IncreasingUntilDecreasingValueBinaryStatisticalQuantileNumeric (1 ms)
[ RUN      ] SpatialEntitiesTraceTest.DecreasingUntilIncreasingValueReal
[       OK ] SpatialEntitiesTraceTest.DecreasingUntilIncreasingValueReal (0 ms)
[ RUN      ] SpatialEntitiesTraceTest.DecreasingUntilIncreasingValueNumericStateVariable
[ WARNING  ] The numeric state variable with the given id (C, Organ.Heart) does not exist. The enclosing logic property was evaluated to the default value "false".
[ WARNING  ] The numeric state variable with the given id (C, Organ.Heart) does not exist. The enclosing logic property was evaluated to the default value "false".
[ WARNING  ] The numeric state variable with the given id (C, Organ.Heart) does not exist. The enclosing logic property was evaluated to the default value "false".
[       OK ] SpatialEntitiesTraceTest.DecreasingUntilIncreasingValueNumericStateVariable (1 ms)
[ RUN      ] SpatialEntitiesTraceTest.DecreasingUntilIncreasingValueUnaryNumeric
[       OK ] SpatialEntitiesTraceTest.DecreasingUntilIncreasingValueUnaryNumeric (1 ms)
[ RUN      ] SpatialEntitiesTraceTest.DecreasingUntilIncreasingValueBinaryNumeric
[       OK ] SpatialEntitiesTraceTest.DecreasingUntilIncreasingValueBinaryNumeric (0 ms)
[ RUN      ] SpatialEntitiesTraceTest.DecreasingUntilIncreasingValueUnaryStatisticalNumeric
[       OK ] SpatialEntitiesTraceTest.DecreasingUntilIncreasingValueUnaryStatisticalNumeric (1 ms)
[ RUN      ] SpatialEntitiesTraceTest.DecreasingUntilIncreasingValueBinaryStatisticalNumeric
[ WARNING  ] You provided less than the minimum required number of values to the Numeric::covariance(...) function. The default value "0" was returned.
[ WARNING  ] You provided less than the minimum required number of values to the Numeric::covariance(...) function. The default value "0" was returned.
[       OK ] SpatialEntitiesTraceTest.DecreasingUntilIncreasingValueBinaryStatisticalNumeric (0 ms)
[ RUN      ] SpatialEntitiesTraceTest.DecreasingUntilIncreasingValueBinaryStatisticalQuantileNumeric
[       OK ] SpatialEntitiesTraceTest.DecreasingUntilIncreasingValueBinaryStatisticalQuantileNumeric (1 ms)
[ RUN      ] SpatialEntitiesTraceTest.OscillationsValueNumericStateVariable
[ WARNING  ] The numeric state variable with the given id (A, ) does not exist. The enclosing logic property was evaluated to the default value "false".
[ WARNING  ] The numeric state variable with the given id (A, ) does not exist. The enclosing logic property was evaluated to the default value "false".
[ WARNING  ] The numeric state variable with the given id (A, ) does not exist. The enclosing logic property was evaluated to the default value "false".
[ WARNING  ] The numeric state variable with the given id (A, ) does not exist. The enclosing logic property was evaluated to the default value "false".
[ WARNING  ] The numeric state variable with the given id (A, ) does not exist. The enclosing logic property was evaluated to the default value "false".
[ WARNING  ] The numeric state variable with the given id (A, ) does not exist. The enclosing logic property was evaluated to the default value "false".
[ WARNING  ] The numeric state variable with the given id (A, ) does not exist. The enclosing logic property was evaluated to the default value "false".
[ WARNING  ] The numeric state variable with the given id (A, ) does not exist. The enclosing logic property was evaluated to the default value "false".
[ WARNING  ] The numeric state variable with the given id (A, ) does not exist. The enclosing logic property was evaluated to the default value "false".
[ WARNING  ] The numeric state variable with the given id (A, ) does not exist. The enclosing logic property was evaluated to the default value "false".
[ WARNING  ] The numeric state variable with the given id (A, ) does not exist. The enclosing logic property was evaluated to the default value "false".
[       OK ] SpatialEntitiesTraceTest.OscillationsValueNumericStateVariable (0 ms)
[ RUN      ] SpatialEntitiesTraceTest.OscillationsValueNumericStateVariableStartingLater
[ WARNING  ] The numeric state variable with the given id (A, ) does not exist. The enclosing logic property was evaluated to the default value "false".
[ WARNING  ] The numeric state variable with the given id (A, ) does not exist. The enclosing logic property was evaluated to the default value "false".
[ WARNING  ] The numeric state variable with the given id (A, ) does not exist. The enclosing logic property was evaluated to the default value "false".
[ WARNING  ] The numeric state variable with the given id (A, ) does not exist. The enclosing logic property was evaluated to the default value "false".
[ WARNING  ] The numeric state variable with the given id (A, ) does not exist. The enclosing logic property was evaluated to the default value "false".
[ WARNING  ] The numeric state variable with the given id (A, ) does not exist. The enclosing logic property was evaluated to the default value "false".
[ WARNING  ] The numeric state variable with the given id (A, ) does not exist. The enclosing logic property was evaluated to the default value "false".
[ WARNING  ] The numeric state variable with the given id (A, ) does not exist. The enclosing logic property was evaluated to the default value "false".
[ WARNING  ] The numeric state variable with the given id (A, ) does not exist. The enclosing logic property was evaluated to the default value "false".
[ WARNING  ] The numeric state variable with the given id (A, ) does not exist. The enclosing logic property was evaluated to the default value "false".
[ WARNING  ] The numeric state variable with the given id (A, ) does not exist. The enclosing logic property was evaluated to the default value "false".
[       OK ] SpatialEntitiesTraceTest.OscillationsValueNumericStateVariableStartingLater (1 ms)
[ RUN      ] SpatialEntitiesTraceTest.OscillationsValueUnaryNumeric
[       OK ] SpatialEntitiesTraceTest.OscillationsValueUnaryNumeric (1 ms)
[ RUN      ] SpatialEntitiesTraceTest.OscillationsValueBinaryNumeric
[       OK ] SpatialEntitiesTraceTest.OscillationsValueBinaryNumeric (0 ms)
[ RUN      ] SpatialEntitiesTraceTest.OscillationsValueUnaryStatisticalNumeric
[       OK ] SpatialEntitiesTraceTest.OscillationsValueUnaryStatisticalNumeric (1 ms)
[ RUN      ] SpatialEntitiesTraceTest.OscillationsValueBinaryStatisticalNumeric
[ WARNING  ] You provided less than the minimum required number of values to the Numeric::covariance(...) function. The default value "0" was returned.
[ WARNING  ] You provided less than the minimum required number of values to the Numeric::covariance(...) function. The default value "0" was returned.
[       OK ] SpatialEntitiesTraceTest.OscillationsValueBinaryStatisticalNumeric (1 ms)
[ RUN      ] SpatialEntitiesTraceTest.OscillationsValueBinaryStatisticalQuantileNumeric
[       OK ] SpatialEntitiesTraceTest.OscillationsValueBinaryStatisticalQuantileNumeric (0 ms)
[ RUN      ] SpatialEntitiesTraceTest.EnclosingWithParenthesesDifferently1
[       OK ] SpatialEntitiesTraceTest.EnclosingWithParenthesesDifferently1 (1 ms)
[ RUN      ] SpatialEntitiesTraceTest.EnclosingWithParenthesesDifferently2
[       OK ] SpatialEntitiesTraceTest.EnclosingWithParenthesesDifferently2 (0 ms)
[ RUN      ] SpatialEntitiesTraceTest.TimeIntervalExceedsTraceEndTime
[       OK ] SpatialEntitiesTraceTest.TimeIntervalExceedsTraceEndTime (1 ms)
[ RUN      ] SpatialEntitiesTraceTest.TimeIntervalExceedsTraceStartTime
[       OK ] SpatialEntitiesTraceTest.TimeIntervalExceedsTraceStartTime (0 ms)
[ RUN      ] SpatialEntitiesTraceTest.ConstraintsCombinationUnary
[       OK ] SpatialEntitiesTraceTest.ConstraintsCombinationUnary (1 ms)
[ RUN      ] SpatialEntitiesTraceTest.ConstraintsCombinationBinary
[       OK ] SpatialEntitiesTraceTest.ConstraintsCombinationBinary (0 ms)
[ RUN      ] SpatialEntitiesTraceTest.ConstraintsCombinationNary
[       OK ] SpatialEntitiesTraceTest.ConstraintsCombinationNary (1 ms)
[----------] 193 tests from SpatialEntitiesTraceTest (107 ms total)

[----------] Global test environment tear-down
[==========] 769 tests from 4 test cases ran. (425 ms total)
[  PASSED  ] 769 tests.
<end of output>
Test time =   0.43 sec
----------------------------------------------------------
Test Passed.
"ParserEvaluationTest" end time: Apr 17 17:35 BST
"ParserEvaluationTest" time elapsed: 00:00:00
----------------------------------------------------------

End testing: Apr 17 17:35 BST
